This file contains any messages produced by compilers while
running configure, to aid debugging if configure makes a mistake.

It was created by configure, which was
generated by GNU Autoconf 2.53.  Invocation command line was

  $ ./configure --prefix=/usr/local --cache-file=/dev/null --srcdir=.

## --------- ##
## Platform. ##
## --------- ##

hostname = sodalord.mit.edu
uname -m = i686
uname -r = 2.4.18-5
uname -s = Linux
uname -v = #1 Mon Jun 10 15:31:48 EDT 2002

/usr/bin/uname -p = unknown
/bin/uname -X     = unknown

/bin/arch              = i686
/usr/bin/arch -k       = unknown
/usr/convex/getsysinfo = unknown
hostinfo               = unknown
/bin/machine           = unknown
/usr/bin/oslevel       = unknown
/bin/universe          = unknown

PATH: /usr/athena/bin
PATH: /etc/athena
PATH: /usr/sbin
PATH: /sbin
PATH: /bin/athena
PATH: /usr/bin
PATH: /bin
PATH: /usr/athena/etc
PATH: /etc
PATH: /usr/X11R6/bin


## ----------- ##
## Core tests. ##
## ----------- ##

configure:1258: checking for gcc
configure:1284: result: gcc
configure:1528: checking for C compiler version
configure:1531: gcc --version </dev/null >&5
2.96
configure:1534: $? = 0
configure:1536: gcc -v </dev/null >&5
Reading specs from /usr/lib/gcc-lib/i386-redhat-linux/2.96/specs
gcc version 2.96 20000731 (Red Hat Linux 7.3 2.96-110)
configure:1539: $? = 0
configure:1541: gcc -V </dev/null >&5
gcc: argument to `-V' is missing
configure:1544: $? = 1
configure:1570: checking for C compiler default output
configure:1573: gcc    conftest.c  >&5
configure:1576: $? = 0
configure:1609: result: a.out
configure:1614: checking whether the C compiler works
configure:1620: ./a.out
configure:1623: $? = 0
configure:1638: result: yes
configure:1645: checking whether we are cross compiling
configure:1647: result: no
configure:1650: checking for suffix of executables
configure:1652: gcc -o conftest    conftest.c  >&5
configure:1655: $? = 0
configure:1677: result: 
configure:1683: checking for suffix of object files
configure:1707: gcc -c   conftest.c >&5
configure:1710: $? = 0
configure:1729: result: o
configure:1733: checking whether we are using the GNU C compiler
configure:1760: gcc -c   conftest.c >&5
configure:1763: $? = 0
configure:1766: test -s conftest.o
configure:1769: $? = 0
configure:1781: result: yes
configure:1787: checking whether gcc accepts -g
configure:1811: gcc -c -g  conftest.c >&5
configure:1814: $? = 0
configure:1817: test -s conftest.o
configure:1820: $? = 0
configure:1830: result: yes
configure:1857: gcc -c -g -O2  conftest.c >&5
conftest.c:2: parse error before `me'
configure:1860: $? = 1
configure: failed program was:
#ifndef __cplusplus
  choke me
#endif
configure:2007: checking for a BSD-compatible install
configure:2061: result: /usr/bin/install -c
configure:2072: checking whether ln -s works
configure:2076: result: yes
configure:2083: checking whether make sets ${MAKE}
configure:2103: result: yes
configure:2122: checking for dirent.h that defines DIR
configure:2149: gcc -c -g -O2  conftest.c >&5
configure:2152: $? = 0
configure:2155: test -s conftest.o
configure:2158: $? = 0
configure:2168: result: yes
configure:2181: checking for library containing opendir
configure:2214: gcc -o conftest -g -O2   conftest.c  >&5
configure:2217: $? = 0
configure:2220: test -s conftest
configure:2223: $? = 0
configure:2282: result: none required
configure:2405: checking how to run the C preprocessor
configure:2431: gcc -E  conftest.c
configure:2437: $? = 0
configure:2464: gcc -E  conftest.c
configure:2460:28: ac_nonexistent.h: No such file or directory
configure:2470: $? = 1
configure: failed program was:
#line 2459 "configure"
#include "confdefs.h"
#include <ac_nonexistent.h>
configure:2507: result: gcc -E
configure:2522: gcc -E  conftest.c
configure:2528: $? = 0
configure:2555: gcc -E  conftest.c
configure:2551:28: ac_nonexistent.h: No such file or directory
configure:2561: $? = 1
configure: failed program was:
#line 2550 "configure"
#include "confdefs.h"
#include <ac_nonexistent.h>
configure:2601: checking for ANSI C header files
configure:2615: gcc -E  conftest.c
configure:2621: $? = 0
configure:2706: gcc -o conftest -g -O2   conftest.c  >&5
configure:2709: $? = 0
configure:2711: ./conftest
configure:2714: $? = 0
configure:2728: result: yes
configure:2752: checking for sys/types.h
configure:2765: gcc -c -g -O2  conftest.c >&5
configure:2768: $? = 0
configure:2771: test -s conftest.o
configure:2774: $? = 0
configure:2784: result: yes
configure:2752: checking for sys/stat.h
configure:2765: gcc -c -g -O2  conftest.c >&5
configure:2768: $? = 0
configure:2771: test -s conftest.o
configure:2774: $? = 0
configure:2784: result: yes
configure:2752: checking for stdlib.h
configure:2765: gcc -c -g -O2  conftest.c >&5
configure:2768: $? = 0
configure:2771: test -s conftest.o
configure:2774: $? = 0
configure:2784: result: yes
configure:2752: checking for string.h
configure:2765: gcc -c -g -O2  conftest.c >&5
configure:2768: $? = 0
configure:2771: test -s conftest.o
configure:2774: $? = 0
configure:2784: result: yes
configure:2752: checking for memory.h
configure:2765: gcc -c -g -O2  conftest.c >&5
configure:2768: $? = 0
configure:2771: test -s conftest.o
configure:2774: $? = 0
configure:2784: result: yes
configure:2752: checking for strings.h
configure:2765: gcc -c -g -O2  conftest.c >&5
configure:2768: $? = 0
configure:2771: test -s conftest.o
configure:2774: $? = 0
configure:2784: result: yes
configure:2752: checking for inttypes.h
configure:2765: gcc -c -g -O2  conftest.c >&5
configure:2768: $? = 0
configure:2771: test -s conftest.o
configure:2774: $? = 0
configure:2784: result: yes
configure:2752: checking for stdint.h
configure:2765: gcc -c -g -O2  conftest.c >&5
configure:2768: $? = 0
configure:2771: test -s conftest.o
configure:2774: $? = 0
configure:2784: result: yes
configure:2752: checking for unistd.h
configure:2765: gcc -c -g -O2  conftest.c >&5
configure:2768: $? = 0
configure:2771: test -s conftest.o
configure:2774: $? = 0
configure:2784: result: yes
configure:2796: checking whether closedir returns void
configure:2828: gcc -o conftest -g -O2   conftest.c  >&5
configure:2831: $? = 0
configure:2833: ./conftest
configure:2836: $? = 0
configure:2849: result: no
configure:2882: checking assert.h usability
configure:2891: gcc -c -g -O2  conftest.c >&5
configure:2894: $? = 0
configure:2897: test -s conftest.o
configure:2900: $? = 0
configure:2909: result: yes
configure:2913: checking assert.h presence
configure:2920: gcc -E  conftest.c
configure:2926: $? = 0
configure:2944: result: yes
configure:2962: checking for assert.h
configure:2969: result: yes
configure:2882: checking float.h usability
configure:2891: gcc -c -g -O2  conftest.c >&5
configure:2894: $? = 0
configure:2897: test -s conftest.o
configure:2900: $? = 0
configure:2909: result: yes
configure:2913: checking float.h presence
configure:2920: gcc -E  conftest.c
configure:2926: $? = 0
configure:2944: result: yes
configure:2962: checking for float.h
configure:2969: result: yes
configure:2882: checking limits.h usability
configure:2891: gcc -c -g -O2  conftest.c >&5
configure:2894: $? = 0
configure:2897: test -s conftest.o
configure:2900: $? = 0
configure:2909: result: yes
configure:2913: checking limits.h presence
configure:2920: gcc -E  conftest.c
configure:2926: $? = 0
configure:2944: result: yes
configure:2962: checking for limits.h
configure:2969: result: yes
configure:2873: checking for memory.h
configure:2878: result: yes
configure:2882: checking pwd.h usability
configure:2891: gcc -c -g -O2  conftest.c >&5
configure:2894: $? = 0
configure:2897: test -s conftest.o
configure:2900: $? = 0
configure:2909: result: yes
configure:2913: checking pwd.h presence
configure:2920: gcc -E  conftest.c
configure:2926: $? = 0
configure:2944: result: yes
configure:2962: checking for pwd.h
configure:2969: result: yes
configure:2873: checking for stdlib.h
configure:2878: result: yes
configure:2873: checking for string.h
configure:2878: result: yes
configure:2882: checking sys/param.h usability
configure:2891: gcc -c -g -O2  conftest.c >&5
configure:2894: $? = 0
configure:2897: test -s conftest.o
configure:2900: $? = 0
configure:2909: result: yes
configure:2913: checking sys/param.h presence
configure:2920: gcc -E  conftest.c
configure:2926: $? = 0
configure:2944: result: yes
configure:2962: checking for sys/param.h
configure:2969: result: yes
configure:2873: checking for unistd.h
configure:2878: result: yes
configure:3026: checking for ranlib
configure:3042: found /usr/bin/ranlib
configure:3053: result: ranlib
configure:3071: checking build system type
configure:3089: result: i686-pc-linux-gnu
configure:3097: checking host system type
configure:3111: result: i686-pc-linux-gnu
configure:3122: checking for libtool object types
configure:3166: result: STATIC:
configure:3177: checking for basename
configure:3220: gcc -o conftest -g -O2   conftest.c  >&5
configure:3223: $? = 0
configure:3226: test -s conftest
configure:3229: $? = 0
configure:3239: result: yes
configure:3177: checking for putenv
configure:3220: gcc -o conftest -g -O2   conftest.c  >&5
configure:3223: $? = 0
configure:3226: test -s conftest
configure:3229: $? = 0
configure:3239: result: yes
configure:3177: checking for strcasecmp
configure:3220: gcc -o conftest -g -O2   conftest.c  >&5
configure:3223: $? = 0
configure:3226: test -s conftest
configure:3229: $? = 0
configure:3239: result: yes
configure:3177: checking for strtol
configure:3220: gcc -o conftest -g -O2   conftest.c  >&5
configure:3223: $? = 0
configure:3226: test -s conftest
configure:3229: $? = 0
configure:3239: result: yes
configure:3177: checking for strstr
configure:3220: gcc -o conftest -g -O2   conftest.c  >&5
configure:3223: $? = 0
configure:3226: test -s conftest
configure:3229: $? = 0
configure:3239: result: yes
configure:3259: checking for bcopy
configure:3302: gcc -o conftest -g -O2   conftest.c  >&5
configure:3305: $? = 0
configure:3308: test -s conftest
configure:3311: $? = 0
configure:3321: result: yes
configure:3259: checking for getcwd
configure:3302: gcc -o conftest -g -O2   conftest.c  >&5
configure:3305: $? = 0
configure:3308: test -s conftest
configure:3311: $? = 0
configure:3321: result: yes
configure:3259: checking for getwd
configure:3302: gcc -o conftest -g -O2   conftest.c  >&5
/tmp/ccDvXJ62.o: In function `main':
/root/octave-2.1.36/kpathsea/configure:3292: the `getwd' function is dangerous and should not be used.
configure:3305: $? = 0
configure:3308: test -s conftest
configure:3311: $? = 0
configure:3321: result: yes
configure:3332: checking for gcc option to accept ANSI C
configure:3395: gcc  -c -g -O2  conftest.c >&5
configure:3398: $? = 0
configure:3401: test -s conftest.o
configure:3404: $? = 0
configure:3421: result: none needed
configure:3429: checking for an ANSI C-conforming const
configure:3499: gcc -c -g -O2  conftest.c >&5
configure:3502: $? = 0
configure:3505: test -s conftest.o
configure:3508: $? = 0
configure:3518: result: yes
configure:3530: checking whether the compiler accepts prototypes
configure:3554: gcc -c -g -O2  conftest.c >&5
configure:3557: $? = 0
configure:3560: test -s conftest.o
configure:3563: $? = 0
configure:3573: result: yes
configure:3583: checking whether program_invocation_name is predefined
configure:3607: gcc -o conftest -g -O2   conftest.c  >&5
configure:3610: $? = 0
configure:3613: test -s conftest
configure:3616: $? = 0
configure:3626: result: yes
configure:3639: checking whether putenv uses malloc
configure:3702: gcc -o conftest -g -O2   conftest.c  >&5
configure: In function `main':
configure:3659: warning: assignment makes pointer from integer without a cast
configure:3673: warning: assignment makes pointer from integer without a cast
configure:3705: $? = 0
configure:3707: ./conftest
configure:3710: $? = 1
configure: program exited with status 1
configure: failed program was:
#line 3647 "configure"
#include "confdefs.h"

#define VAR	"YOW_VAR"
#define STRING1 "GabbaGabbaHey"
#define STRING2 "Yow!!"		/* should be shorter than STRING1 */
extern char *getenv (); /* in case char* and int don't mix gracefully */
main ()
{
  char *str1, *rstr1, *str2, *rstr2;
  str1 = getenv (VAR);
  if (str1)
    exit (1);
  str1 = malloc (strlen (VAR) + 1 + strlen (STRING1) + 1);
  if (str1 == 0)
    exit (2);
  strcpy (str1, VAR);
  strcat (str1, "=");
  strcat (str1, STRING1);
  if (putenv (str1) < 0)
    exit (3);
  rstr1 = getenv (VAR);
  if (rstr1 == 0)
    exit (4);
  rstr1 -= strlen (VAR) + 1;
  if (strncmp (rstr1, VAR, strlen (VAR)))
    exit (5);
  str2 = malloc (strlen (VAR) + 1 + strlen (STRING2) + 1);
  if (str2 == 0 || str1 == str2)
    exit (6);
  strcpy (str2, VAR);
  strcat (str2, "=");
  strcat (str2, STRING2);
  if (putenv (str2) < 0)
    exit (7);
  rstr2 = getenv (VAR);
  if (rstr2 == 0)
    exit (8);
  rstr2 -= strlen (VAR) + 1;
#if 0
  printf ("rstr1=0x%x, rstr2=0x%x\n", rstr1, rstr2);
  /*
   * If string from first call was reused for the second call,
   * you had better not do a free on the first string!
   */
  if (rstr1 == rstr2)
          printf ("#define SMART_PUTENV\n");
  else
          printf ("#undef SMART_PUTENV\n");
#endif
  exit (rstr1 == rstr2 ? 0 : 1);
}
configure:3723: result: no
configure:3734: checking whether getcwd uses fork or vfork
configure:3756: gcc -o conftest -g -O2   conftest.c  >&5
configure:3759: $? = 0
configure:3761: ./conftest
configure:3764: $? = 0
configure:3777: result: no
configure:3871: checking where the main texmf tree is located
configure:3899: result: not found
configure:3988: creating ./config.status

## ---------------------- ##
## Running config.status. ##
## ---------------------- ##

This file was extended by config.status, which was
generated by GNU Autoconf 2.53.  Invocation command line was

  CONFIG_FILES    = 
  CONFIG_HEADERS  = 
  CONFIG_LINKS    = 
  CONFIG_COMMANDS = 
  $ ./config.status 

on sodalord.mit.edu

config.status:582: creating Makefile
config.status:686: creating c-auto.h

## ---------------- ##
## Cache variables. ##
## ---------------- ##

ac_cv_build=i686-pc-linux-gnu
ac_cv_build_alias=i686-pc-linux-gnu
ac_cv_c_compiler_gnu=yes
ac_cv_c_const=yes
ac_cv_env_CC_set=set
ac_cv_env_CC_value=gcc
ac_cv_env_CFLAGS_set=
ac_cv_env_CFLAGS_value=
ac_cv_env_CPPFLAGS_set=
ac_cv_env_CPPFLAGS_value=
ac_cv_env_CPP_set=
ac_cv_env_CPP_value=
ac_cv_env_LDFLAGS_set=
ac_cv_env_LDFLAGS_value=
ac_cv_env_build_alias_set=
ac_cv_env_build_alias_value=
ac_cv_env_host_alias_set=
ac_cv_env_host_alias_value=
ac_cv_env_target_alias_set=
ac_cv_env_target_alias_value=
ac_cv_exeext=
ac_cv_func_basename=yes
ac_cv_func_bcopy=yes
ac_cv_func_closedir_void=no
ac_cv_func_getcwd=yes
ac_cv_func_getwd=yes
ac_cv_func_putenv=yes
ac_cv_func_strcasecmp=yes
ac_cv_func_strstr=yes
ac_cv_func_strtol=yes
ac_cv_header_assert_h=yes
ac_cv_header_dirent_dirent_h=yes
ac_cv_header_float_h=yes
ac_cv_header_inttypes_h=yes
ac_cv_header_limits_h=yes
ac_cv_header_memory_h=yes
ac_cv_header_pwd_h=yes
ac_cv_header_stdc=yes
ac_cv_header_stdint_h=yes
ac_cv_header_stdlib_h=yes
ac_cv_header_string_h=yes
ac_cv_header_strings_h=yes
ac_cv_header_sys_param_h=yes
ac_cv_header_sys_stat_h=yes
ac_cv_header_sys_types_h=yes
ac_cv_header_unistd_h=yes
ac_cv_host=i686-pc-linux-gnu
ac_cv_host_alias=i686-pc-linux-gnu
ac_cv_objext=o
ac_cv_path_install='/usr/bin/install -c'
ac_cv_prog_CPP='gcc -E'
ac_cv_prog_ac_ct_CC=gcc
ac_cv_prog_ac_ct_RANLIB=ranlib
ac_cv_prog_cc_g=yes
ac_cv_prog_cc_stdc=
ac_cv_prog_make_make_set=yes
ac_cv_search_opendir='none required'
kb_cv_c_prototypes=yes
kb_cv_func_getcwd_forks=no
kb_cv_func_putenv_malloc=no
kb_cv_var_program_inv_name=yes

## ----------- ##
## confdefs.h. ##
## ----------- ##

#define PACKAGE_NAME ""
#define PACKAGE_TARNAME ""
#define PACKAGE_VERSION ""
#define PACKAGE_STRING ""
#define PACKAGE_BUGREPORT ""
#define KPSEVERSION "kpathsea version 3.2"
#define HAVE_DIRENT_H 1
#define STDC_HEADERS 1
#define HAVE_SYS_TYPES_H 1
#define HAVE_SYS_STAT_H 1
#define HAVE_STDLIB_H 1
#define HAVE_STRING_H 1
#define HAVE_MEMORY_H 1
#define HAVE_STRINGS_H 1
#define HAVE_INTTYPES_H 1
#define HAVE_STDINT_H 1
#define HAVE_UNISTD_H 1
#define HAVE_ASSERT_H 1
#define HAVE_FLOAT_H 1
#define HAVE_LIMITS_H 1
#define HAVE_MEMORY_H 1
#define HAVE_PWD_H 1
#define HAVE_STDLIB_H 1
#define HAVE_STRING_H 1
#define HAVE_SYS_PARAM_H 1
#define HAVE_UNISTD_H 1
#define HAVE_BASENAME 1
#define HAVE_PUTENV 1
#define HAVE_STRCASECMP 1
#define HAVE_STRTOL 1
#define HAVE_STRSTR 1
#define HAVE_BCOPY 1
#define HAVE_GETCWD 1
#define HAVE_GETWD 1
#define HAVE_PROTOTYPES 1
#define HAVE_PROGRAM_INVOCATION_NAME 1
#define MAKE_TEX_MF_BY_DEFAULT 1
#define MAKE_TEX_PK_BY_DEFAULT 1
#define MAKE_TEX_TFM_BY_DEFAULT 1
#define MAKE_OMEGA_OCP_BY_DEFAULT 1
#define MAKE_OMEGA_OFM_BY_DEFAULT 1

configure: exit 0
