This file contains any messages produced by compilers while
running configure, to aid debugging if configure makes a mistake.

It was created by configure, which was
generated by GNU Autoconf 2.50.  Invocation command line was

  $ ./configure 

## ---------- ##
## Platform.  ##
## ---------- ##

hostname = sodalord.mit.edu
uname -m = i686
uname -r = 2.4.18-5
uname -s = Linux
uname -v = #1 Mon Jun 10 15:31:48 EDT 2002

/usr/bin/uname -p = unknown
/bin/uname -X     = unknown

/bin/arch              = i686
/usr/bin/arch -k       = unknown
/usr/convex/getsysinfo = unknown
hostinfo               = unknown
/bin/machine           = unknown
/usr/bin/oslevel       = unknown
/bin/universe          = unknown

PATH = /usr/athena/bin:/etc/athena:/usr/sbin:/sbin:/bin/athena:/usr/bin:/bin:/usr/athena/etc:/etc:/usr/X11R6/bin

## ------------ ##
## Core tests.  ##
## ------------ ##

configure:1070: PATH=".;."; conftest.sh
./configure: conftest.sh: command not found
configure:1073: $? = 127
configure:1119: checking for a BSD compatible install
configure:1168: result: /usr/bin/install -c
configure:1179: checking whether build environment is sane
configure:1222: result: yes
configure:1243: checking whether make sets ${MAKE}
configure:1263: result: yes
configure:1291: checking for working aclocal
configure:1298: result: found
configure:1306: checking for working autoconf
configure:1313: result: found
configure:1321: checking for working automake
configure:1328: result: found
configure:1336: checking for working autoheader
configure:1343: result: found
configure:1351: checking for working makeinfo
configure:1358: result: found
configure:1409: checking for gcc
configure:1424: found /usr/bin/gcc
configure:1432: result: gcc
configure:1676: checking for C compiler default output
configure:1679: gcc    conftest.c  >&5
configure:1682: $? = 0
configure:1705: result: a.out
configure:1710: checking whether the C compiler works
configure:1716: ./a.out
configure:1719: $? = 0
configure:1734: result: yes
configure:1741: checking whether we are cross compiling
configure:1743: result: no
configure:1746: checking for executable suffix
configure:1748: gcc -o conftest    conftest.c  >&5
configure:1751: $? = 0
configure:1773: result: 
configure:1779: checking for object suffix
configure:1797: gcc -c   conftest.c >&5
configure:1800: $? = 0
configure:1819: result: o
configure:1823: checking whether we are using the GNU C compiler
configure:1844: gcc -c   conftest.c >&5
configure:1847: $? = 0
configure:1850: test -s conftest.o
configure:1853: $? = 0
configure:1865: result: yes
configure:1871: checking whether gcc accepts -g
configure:1889: gcc -c -g  conftest.c >&5
configure:1892: $? = 0
configure:1895: test -s conftest.o
configure:1898: $? = 0
configure:1908: result: yes
configure:1935: gcc -c -g -O2  conftest.c >&5
conftest.c:2: parse error before `me'
configure:1938: $? = 1
configure: failed program was:
#ifndef __cplusplus
  choke me
#endif
configure:2033: checking for strerror in -lcposix
configure:2060: gcc -o conftest -g -O2   conftest.c -lcposix   >&5
/usr/bin/ld: cannot find -lcposix
collect2: ld returned 1 exit status
configure:2063: $? = 1
configure: failed program was:
#line 2041 "configure"
#include "confdefs.h"

/* Override any gcc2 internal prototype to avoid an error.  */
#ifdef __cplusplus
extern "C"
#endif
/* We use char because int might match the return type of a gcc2
   builtin and then its argument prototype would still apply.  */
char strerror ();
int
main ()
{
strerror ();
  ;
  return 0;
}
configure:2080: result: no
configure:2158: checking build system type
configure:2176: result: i686-pc-linux-gnu
configure:2183: checking host system type
configure:2197: result: i686-pc-linux-gnu
configure:2214: checking for ld used by GCC
configure:2277: result: /usr/bin/ld
configure:2286: checking if the linker (/usr/bin/ld) is GNU ld
GNU ld version 2.11.93.0.2 20020207
configure:2298: result: yes
configure:2302: checking for /usr/bin/ld option to reload object files
configure:2309: result: -r
configure:2314: checking for BSD-compatible nm
configure:2350: result: /usr/bin/nm -B
configure:2353: checking whether ln -s works
configure:2357: result: yes
configure:2364: checking how to recognise dependant libraries
configure:2532: result: pass_all
configure:2538: checking command to parse /usr/bin/nm -B output
configure:2615: gcc -c -g -O2  conftest.c >&5
configure:2618: $? = 0
configure:2622: /usr/bin/nm -B conftest.o \| sed -n -e 's/^.*[ 	]\([ABCDGISTW][ABCDGISTW]*\)[ 	][ 	]*\(\)\([_A-Za-z][_A-Za-z0-9]*\)$/\1 \2\3 \3/p' \> conftest.nm
configure:2625: $? = 0
configure:2677: gcc -o conftest -g -O2   conftest.c conftstm.o >&5
configure:2680: $? = 0
configure:2721: result: ok
configure:2730: checking how to run the C preprocessor
configure:2757: gcc -E  conftest.c
configure:2763: $? = 0
configure:2790: gcc -E  conftest.c
configure:2787:28: ac_nonexistent.h: No such file or directory
configure:2796: $? = 1
configure: failed program was:
#line 2786 "configure"
#include "confdefs.h"
#include <ac_nonexistent.h>
configure:2833: result: gcc -E
configure:2848: gcc -E  conftest.c
configure:2854: $? = 0
configure:2881: gcc -E  conftest.c
configure:2878:28: ac_nonexistent.h: No such file or directory
configure:2887: $? = 1
configure: failed program was:
#line 2877 "configure"
#include "confdefs.h"
#include <ac_nonexistent.h>
configure:2929: checking for dlfcn.h
configure:2939: gcc -E  conftest.c
configure:2945: $? = 0
configure:2964: result: yes
configure:3151: checking for ranlib
configure:3166: found /usr/bin/ranlib
configure:3175: result: ranlib
configure:3225: checking for strip
configure:3240: found /usr/bin/strip
configure:3249: result: strip
configure:3444: checking for objdir
configure:3455: result: .libs
configure:3470: checking for gcc option to produce PIC
configure:3620: result: -fPIC
configure:3624: checking if gcc PIC flag -fPIC works
configure:3644: gcc -c -g -O2 -fPIC -DPIC  conftest.c >&5
configure:3647: $? = 0
configure:3650: test -s conftest.o
configure:3653: $? = 0
configure:3689: result: yes
configure:3705: checking if gcc static flag -static works
configure:3726: gcc -o conftest -g -O2   -static conftest.c  >&5
configure:3729: $? = 0
configure:3732: test -s conftest
configure:3735: $? = 0
configure:3749: result: yes
configure:3760: checking if gcc supports -c -o file.o
configure:3780: gcc -c -g -O2 -o out/conftest2.o  conftest.c >&5
configure:3804: result: yes
configure:3809: checking if gcc supports -c -o file.lo
configure:3831: gcc -c -g -O2 -c -o conftest.lo  conftest.c >&5
configure:3834: $? = 0
configure:3837: test -s conftest.o
configure:3840: $? = 1
configure: failed program was:
#line 3819 "configure"
#include "confdefs.h"

int
main ()
{
int some_variable = 0;
  ;
  return 0;
}
configure:3860: result: 
configure:3891: checking if gcc supports -fno-rtti -fno-exceptions
configure:3910: gcc -c -g -O2 -fno-rtti -fno-exceptions -c conftest.c  conftest.c >&5
configure:3913: $? = 0
configure:3916: test -s conftest.o
configure:3919: $? = 0
configure:3935: result: yes
configure:3946: checking whether the linker (/usr/bin/ld) supports shared libraries
configure:4558: result: yes
configure:4563: checking how to hardcode library paths into programs
configure:4587: result: immediate
configure:4592: checking whether stripping libraries is possible
configure:4597: result: yes
configure:4608: checking dynamic linker characteristics
configure:4990: result: GNU/Linux ld.so
configure:4995: checking if libtool supports shared libraries
configure:4997: result: yes
configure:5561: checking whether -lc should be explicitly linked in
configure:5569: gcc -c -g -O2  conftest.c >&5
configure:5572: $? = 0
configure:5586: gcc -shared conftest.o  -v -Wl,-soname -Wl,conftest -o conftest 2\>\&1 \| grep  -lc  \>/dev/null 2\>\&1
configure:5589: $? = 0
configure:5602: result: no
configure:6175: checking for a BSD compatible install
configure:6224: result: /usr/bin/install -c
configure:6235: checking for X
configure:6444: result: libraries /usr/X11R6/lib, headers /usr/X11R6/include
configure:6451: checking for main in -lm
configure:6471: gcc -o conftest -g -O2  -I/usr/X11R6/include/freetype2 -I/usr/include/freetype2 -I${prefix}/include -I/usr/X11R6/include  -L${exec_prefix}/lib -L/usr/X11R6/lib conftest.c -lm   >&5
configure:6474: $? = 0
configure:6477: test -s conftest
configure:6480: $? = 0
configure:6491: result: yes
configure:6502: checking for deflate in -lz
configure:6529: gcc -o conftest -g -O2  -I/usr/X11R6/include/freetype2 -I/usr/include/freetype2 -I${prefix}/include -I/usr/X11R6/include  -L${exec_prefix}/lib -L/usr/X11R6/lib conftest.c -lz  -lm  >&5
configure:6532: $? = 0
configure:6535: test -s conftest
configure:6538: $? = 0
configure:6549: result: yes
configure:6564: checking for png_check_sig in -lpng
configure:6591: gcc -o conftest -g -O2  -I/usr/X11R6/include/freetype2 -I/usr/include/freetype2 -I${prefix}/include -I/usr/X11R6/include  -L${exec_prefix}/lib -L/usr/X11R6/lib conftest.c -lpng  -lz -lm  >&5
configure:6594: $? = 0
configure:6597: test -s conftest
configure:6600: $? = 0
configure:6611: result: yes
configure:6980: checking for ANSI C header files
configure:6994: gcc -E  -I/usr/X11R6/include/freetype2 -I/usr/include/freetype2 -I${prefix}/include -I/usr/X11R6/include conftest.c
configure:7000: $? = 0
configure:7087: gcc -o conftest -g -O2  -I/usr/X11R6/include/freetype2 -I/usr/include/freetype2 -I${prefix}/include -I/usr/X11R6/include  -L${exec_prefix}/lib -L/usr/X11R6/lib conftest.c -lpng -lz -lm  >&5
configure:7090: $? = 0
configure:7092: ./conftest
configure:7095: $? = 0
configure:7108: result: yes
configure:7121: checking for malloc.h
configure:7131: gcc -E  -I/usr/X11R6/include/freetype2 -I/usr/include/freetype2 -I${prefix}/include -I/usr/X11R6/include conftest.c
configure:7137: $? = 0
configure:7156: result: yes
configure:7121: checking for unistd.h
configure:7131: gcc -E  -I/usr/X11R6/include/freetype2 -I/usr/include/freetype2 -I${prefix}/include -I/usr/X11R6/include conftest.c
configure:7137: $? = 0
configure:7156: result: yes
configure:7169: checking for zlib.h
configure:7179: gcc -E  -I/usr/X11R6/include/freetype2 -I/usr/include/freetype2 -I${prefix}/include -I/usr/X11R6/include conftest.c
configure:7185: $? = 0
configure:7204: result: yes
configure:7221: checking for png.h
configure:7231: gcc -E  -I/usr/X11R6/include/freetype2 -I/usr/include/freetype2 -I${prefix}/include -I/usr/X11R6/include conftest.c
configure:7237: $? = 0
configure:7256: result: yes
configure:7270: checking for gcc option to accept ANSI C
configure:7327: gcc  -c -g -O2  -I/usr/X11R6/include/freetype2 -I/usr/include/freetype2 -I${prefix}/include -I/usr/X11R6/include conftest.c >&5
configure:7330: $? = 0
configure:7333: test -s conftest.o
configure:7336: $? = 0
configure:7353: result: none needed
configure:7361: checking for an ANSI C-conforming const
configure:7425: gcc -c -g -O2  -I/usr/X11R6/include/freetype2 -I/usr/include/freetype2 -I${prefix}/include -I/usr/X11R6/include conftest.c >&5
configure:7428: $? = 0
configure:7431: test -s conftest.o
configure:7434: $? = 0
configure:7444: result: yes
configure:7564: creating ./config.status

## ----------------------- ##
## Running config.status.  ##
## ----------------------- ##

This file was extended by config.status 2.50, executed with
  > ./config.status 
on sodalord.mit.edu

config.status:8000: creating Makefile

## ----------------- ##
## Cache variables.  ##
## ----------------- ##

ac_cv_build=i686-pc-linux-gnu
ac_cv_build_alias=i686-pc-linux-gnu
ac_cv_c_compiler_gnu=yes
ac_cv_c_const=yes
ac_cv_env_CC_set=
ac_cv_env_CC_value=
ac_cv_env_CFLAGS_set=
ac_cv_env_CFLAGS_value=
ac_cv_env_CPPFLAGS_set=
ac_cv_env_CPPFLAGS_value=
ac_cv_env_CPP_set=
ac_cv_env_CPP_value=
ac_cv_env_LDFLAGS_set=
ac_cv_env_LDFLAGS_value=
ac_cv_env_build_alias_set=
ac_cv_env_build_alias_value=
ac_cv_env_host_alias_set=
ac_cv_env_host_alias_value=
ac_cv_env_target_alias_set=
ac_cv_env_target_alias_value=
ac_cv_have_x='have_x=yes 		ac_x_includes=/usr/X11R6/include ac_x_libraries=/usr/X11R6/lib'
ac_cv_header_dlfcn_h=yes
ac_cv_header_malloc_h=yes
ac_cv_header_png_h=yes
ac_cv_header_stdc=yes
ac_cv_header_unistd_h=yes
ac_cv_header_zlib_h=yes
ac_cv_host=i686-pc-linux-gnu
ac_cv_host_alias=i686-pc-linux-gnu
ac_cv_lib_cposix_strerror=no
ac_cv_lib_m_main=yes
ac_cv_lib_png_png_check_sig=yes
ac_cv_lib_z_deflate=yes
ac_cv_objext=o
ac_cv_path_install='/usr/bin/install -c'
ac_cv_prog_CPP='gcc -E'
ac_cv_prog_ac_ct_CC=gcc
ac_cv_prog_ac_ct_RANLIB=ranlib
ac_cv_prog_ac_ct_STRIP=strip
ac_cv_prog_cc_g=yes
ac_cv_prog_cc_stdc=
ac_cv_prog_make_make_set=yes
lt_cv_archive_cmds_need_lc=no
lt_cv_compiler_c_o=yes
lt_cv_compiler_o_lo=no
lt_cv_deplibs_check_method=pass_all
lt_cv_file_magic_cmd='$MAGIC_CMD'
lt_cv_file_magic_test_file='/lib/libc.so.6 /lib/libc-2.2.5.so'
lt_cv_global_symbol_to_cdecl='sed -n -e '\''s/^. .* \(.*\)$/extern char \1;/p'\'''
lt_cv_ld_reload_flag=-r
lt_cv_path_LD=/usr/bin/ld
lt_cv_path_NM='/usr/bin/nm -B'
lt_cv_prog_cc_can_build_shared=yes
lt_cv_prog_cc_no_builtin=
lt_cv_prog_cc_pic=' -fPIC'
lt_cv_prog_cc_pic_works=yes
lt_cv_prog_cc_shlib=
lt_cv_prog_cc_static=-static
lt_cv_prog_cc_static_works=yes
lt_cv_prog_cc_wl=-Wl,
lt_cv_prog_gnu_ld=yes
lt_cv_sys_global_symbol_pipe='sed -n -e '\''s/^.*[ 	]\([ABCDGISTW][ABCDGISTW]*\)[ 	][ 	]*\(\)\([_A-Za-z][_A-Za-z0-9]*\)$/\1 \2\3 \3/p'\'''
lt_cv_sys_path_separator=:

## ------------ ##
## confdefs.h.  ##
## ------------ ##

#define PACKAGE "gd"
#define VERSION "1.8.4"
#define HAVE_DLFCN_H 1
#define HAVE_LIBM 1
#define HAVE_LIBZ 1
#define HAVE_LIBPNG 1
#define STDC_HEADERS 1
#define HAVE_MALLOC_H 1
#define HAVE_UNISTD_H 1
#define HAVE_ZLIB_H 1
#define HAVE_PNG_H 1


configure: exit 0
