Time: Tue May 13 22:52:23 2003
rewt bought a soda on the card!
Time: Sat Aug 23 16:03:09 2003
larvnet_is_monitoring bought a soda on the card!
Time: Tue Aug 26 20:56:18 2003
ksu bought a soda on the card!
Time: Wed Aug 27 20:40:13 2003
gpicard bought a soda on the card!
Time: Thu Aug 28 16:41:16 2003
smark bought a soda on the card!
Time: Thu Aug 28 18:52:19 2003
hanreitz bought a soda on the card!
Time: Thu Aug 28 22:43:46 2003
smark bought a soda on the card!
Time: Thu Aug 28 22:57:31 2003
dexter bought a soda on the card!
Time: Fri Aug 29 18:53:22 2003
hanreitz bought a soda on the card!
Time: Fri Aug 29 19:12:48 2003
smark bought a soda on the card!
Time: Fri Aug 29 19:29:40 2003
ioughttobetooling bought a soda on the card!
Time: Fri Aug 29 19:31:05 2003
asedeno bought a soda on the card!
Time: Fri Aug 29 20:41:45 2003
hanreitz bought a soda on the card!
Time: Fri Aug 29 23:29:30 2003
ender bought a soda on the card!
Time: Fri Aug 29 23:34:59 2003
smark bought a soda on the card!
Time: Sun Aug 31 23:37:18 2003
smark bought a soda on the card!
Time: Mon Sep  1 01:08:37 2003
ender bought a soda on the card!
Time: Mon Sep  1 01:11:01 2003
smark bought a soda on the card!
Time: Mon Sep  1 13:40:44 2003
smark bought a soda on the card!
Time: Mon Sep  1 14:22:29 2003
davidmax bought a soda on the card!
Time: Tue Sep  2 20:34:40 2003
smark bought a soda on the card!
Time: Wed Sep  3 19:55:41 2003
smark bought a soda on the card!
Time: Wed Sep  3 20:01:49 2003
daigohji bought a soda on the card!
Time: Wed Sep  3 23:19:37 2003
smark bought a soda on the card!
Time: Wed Sep  3 23:27:46 2003
kchen bought a soda on the card!
Time: Wed Sep  3 23:41:04 2003
kchen bought a soda on the card!
Time: Thu Sep  4 16:23:23 2003
smark bought a soda on the card!
Time: Thu Sep  4 19:07:56 2003
smark bought a soda on the card!
Time: Thu Sep  4 23:01:45 2003
daigohji bought a soda on the card!
Time: Fri Sep  5 13:19:13 2003
smark bought a soda on the card!
Time: Fri Sep  5 15:24:23 2003
smark bought a soda on the card!
Time: Sat Sep  6 04:28:50 2003
smark bought a soda on the card!
Time: Sat Sep  6 20:31:00 2003
smark bought a soda on the card!
Time: Sun Sep  7 17:20:24 2003
smark bought a soda on the card!
Time: Sun Sep  7 17:35:40 2003
smark bought a soda on the card!
Time: Sun Sep  7 19:29:59 2003
smark bought a soda on the card!
Time: Mon Sep  8 16:39:45 2003
daigohji bought a soda on the card!
Time: Mon Sep  8 22:38:37 2003
smark bought a soda on the card!
Time: Mon Sep  8 22:53:22 2003
smark bought a soda on the card!
Time: Tue Sep  9 21:20:18 2003
smark bought a soda on the card!
Time: Wed Sep 10 17:19:56 2003
smark bought a soda on the card!
Time: Thu Sep 11 01:59:13 2003
smark bought a soda on the card!
Time: Thu Sep 11 14:29:14 2003
smark bought a soda on the card!
Time: Sun Jan 25 18:42:09 2004
kchen bought a soda on the card!
Time: Wed Feb 11 22:54:24 2004
www bought a soda on the card!
Time: Fri Feb 13 12:32:53 2004
renew bought a soda on the card!
Time: Fri Feb 13 20:08:00 2004
login bought a soda on the card!
Time: Fri Feb 13 20:09:42 2004
link bought a soda on the card!
Time: Sat Feb 14 19:06:49 2004
passwd bought a soda on the card!
Time: Sat Feb 14 22:27:49 2004
asedeno bought a soda on the card!
Time: Sat Feb 14 22:28:07 2004
zwgc bought a soda on the card!
Time: Sun Feb 15 19:17:25 2004
asedeno bought a soda on the card!
Time: Sun Feb 15 21:24:02 2004
TheCreditLimit bought a soda on the card!
Time: Mon Feb 16 14:51:38 2004
kchen bought a soda on the card!
Time: Mon Feb 16 18:28:08 2004
forlejandro bought a soda on the card!
Time: Mon Feb 16 19:44:37 2004
yarmond bought a soda on the card!
Time: Mon Feb 16 19:44:39 2004
davidmack bought a soda on the card!
Time: Tue Feb 17 02:17:33 2004
kchen bought a soda on the card!
Time: Tue Feb 17 20:34:50 2004
davidmuc bought a soda on the card!
Time: Tue Feb 17 20:34:57 2004
kinit bought a soda on the card!
Time: Tue Feb 17 20:35:27 2004
alex bought a soda on the card!
Time: Tue Feb 17 23:36:34 2004
asedeno bought a soda on the card!
Time: Wed Feb 18 00:22:26 2004
dheera bought a soda on the card!
Time: Wed Feb 18 15:38:59 2004
www bought a soda on the card!
Time: Wed Feb 18 19:34:31 2004
kerberos bought a soda on the card!
Time: Wed Feb 18 20:29:25 2004
MountainDewIsGoodForYou bought a soda on the card!
Time: Wed Feb 18 20:31:47 2004
kinit bought a soda on the card!
Time: Thu Feb 19 17:29:16 2004
mrow bought a soda on the card!
Time: Thu Feb 19 19:51:09 2004
gpicard bought a soda on the card!
Time: Thu Feb 19 21:17:01 2004
web bought a soda on the card!
Time: Fri Feb 20 01:04:09 2004
afs bought a soda on the card!
Time: Fri Feb 20 17:16:44 2004
ksu bought a soda on the card!
Time: Sat Feb 21 01:01:16 2004
www bought a soda on the card!
Time: Sat Feb 21 18:23:48 2004
link310 bought a soda on the card!
Time: Sat Feb 21 21:29:13 2004
we bought a soda on the card!
Time: Sat Feb 21 22:29:13 2004
wangfire bought a soda on the card!
Time: Sun Feb 22 02:37:39 2004
web bought a soda on the card!
Time: Sun Feb 22 17:56:08 2004
dheera bought a soda on the card!
Gets this far
Gets this far
Gets this far
Gets this far
Gets this far
Gets this far
Gets this far
Gets this far
Gets this far
Gets this far
Sets once
Sets twice
Gets this far
Sets once
Sets twice
Gets this far
Sets once
Sets twice
Gets this far
Sets once
Sets twice
Gets this far
Sets once
Sets twice
Gets this far
Sets once
Sets twice
Gets this far
Sets once
Sets twice
Gets this far
Sets once
Sets twice
Gets this far
Sets once
Sets twice
Gets this far
Sets once
Sets twice
Gets this far
Gets this far
Gets this far
Gets this far
Gets this far
Gets this far
Gets this far
Gets this far
Gets this far
Gets this far
Gets this far
Gets this far
Gets this far
Gets this far
Gets this far
Gets this far
Gets this far
Gets this far
Gets this far
Gets this far
Gets this far
Gets this far
Gets this far
Gets this far
Gets this far
Gets this far
Gets this far
Gets this far
Gets this far
Gets this far
Gets this far
Gets this far
Can't connect: Access denied for user: 'foo@localhost' (Using password: NO)
Gets a little further...
Gets this far
Can't connect: Access denied for user: 'foo@localhost' (Using password: NO)
Gets a little further...
Gets this far
Can't connect: Access denied for user: 'foo@localhost' (Using password: NO)
Gets a little further...
Gets this far
Can't connect: Access denied for user: 'foo@localhost' (Using password: NO)
Gets a little further...
Gets this far
Can't connect: Access denied for user: 'foo@localhost' (Using password: NO)
Gets a little further...
Gets this far
Can't connect: Access denied for user: 'foo@localhost' (Using password: NO)
Gets a little further...
Gets this far
Can't connect: Access denied for user: 'foo@localhost' (Using password: NO)
Gets a little further...
Gets this far
Can't connect: Access denied for user: 'foo@localhost' (Using password: NO)
Gets a little further...
Gets this far
Can't connect: Access denied for user: 'foo@localhost' (Using password: NO)
Gets a little further...
Gets this far
Can't connect: Access denied for user: 'foo@localhost' (Using password: NO)
Gets a little further...
Gets this far
Gets a little further...
should work from here!
Time: Sun Feb 22 19:09:46 2004
kchen bought a soda on the card!
Time: Sun Feb 22 19:41:17 2004
web bought a soda on the card!
Gets this far
Gets a little further...
Gets this far
Gets a little further...
Gets this far
Gets a little further...
should work from here!
Time: Sun Feb 22 19:44:09 2004
afs bought a soda on the card!
Time: Sun Feb 22 19:47:18 2004
web bought a soda on the card!
Time: Sun Feb 22 19:51:15 2004
web bought a soda on the card!
Time: Sun Feb 22 20:01:48 2004
web bought a soda on the card!
Time: Sun Feb 22 20:06:01 2004
www bought a soda on the card!
Time: Sun Feb 22 20:10:38 2004
www bought a soda on the card!
Time: Sun Feb 22 23:05:22 2004
kinit bought a soda on the card!
Time: Mon Feb 23 00:17:57 2004
riv bought a soda on the card!
Time: Mon Feb 23 04:29:32 2004
mrow bought a soda on the card!
Time: Mon Feb 23 09:31:31 2004
x bought a soda on the card!
Time: Mon Feb 23 16:47:47 2004
iamtired bought a soda on the card!
Time: Mon Feb 23 19:34:55 2004
dheera bought a soda on the card!
Time: Mon Feb 23 20:52:02 2004
IwantDew bought a soda on the card!
Time: Mon Feb 23 21:12:10 2004
x bought a soda on the card!
Time: Mon Feb 23 21:21:13 2004
kerberos bought a soda on the card!
Time: Mon Feb 23 23:03:13 2004
antimatter bought a soda on the card!
Time: Tue Feb 24 02:01:53 2004
cposs bought a soda on the card!
Time: Tue Feb 24 14:07:01 2004
www bought a soda on the card!
Time: Tue Feb 24 15:08:26 2004
fireman bought a soda on the card!
Time: Tue Feb 24 15:09:29 2004
camlewis bought a soda on the card!
Time: Tue Feb 24 20:37:41 2004
bavetta bought a soda on the card!
Time: Wed Feb 25 03:53:12 2004
kchen bought a soda on the card!
Time: Wed Feb 25 13:14:28 2004
revivesam bought a soda on the card!
Time: Wed Feb 25 14:04:33 2004
bavetta bought a soda on the card!
Time: Wed Feb 25 16:47:11 2004
what bought a soda on the card!
Time: Wed Feb 25 16:56:00 2004
gpicard bought a soda on the card!
Time: Wed Feb 25 17:59:52 2004
bavetta bought a soda on the card!
Time: Wed Feb 25 20:14:13 2004
lynx bought a soda on the card!
Time: Thu Feb 26 02:15:55 2004
poof bought a soda on the card!
Time: Thu Feb 26 08:33:19 2004
davidmack bought a soda on the card!
Time: Thu Feb 26 14:17:02 2004
what bought a soda on the card!
Time: Thu Feb 26 18:33:06 2004
wangfire bought a soda on the card!
Time: Thu Feb 26 21:49:42 2004
badda_bing bought a soda on the card!
Time: Thu Feb 26 21:50:54 2004
forelejandro bought a soda on the card!
Time: Fri Feb 27 04:35:05 2004
web bought a soda on the card!
Time: Fri Feb 27 10:56:36 2004
ellis bought a soda on the card!
Time: Fri Feb 27 14:01:36 2004
bavetta bought a soda on the card!
Time: Fri Feb 27 21:24:11 2004
ology bought a soda on the card!
Time: Fri Feb 27 21:24:28 2004
addalias bought a soda on the card!
Time: Fri Feb 27 23:53:19 2004
h4x0r bought a soda on the card!
Time: Fri Feb 27 23:56:03 2004
afs bought a soda on the card!
Time: Sat Feb 28 17:46:21 2004
sedeno bought a soda on the card!
Time: Sat Feb 28 23:15:54 2004
wangfire bought a soda on the card!
Time: Sun Feb 29 01:49:22 2004
kerberos bought a soda on the card!
Time: Sun Feb 29 15:10:17 2004
cockiscoke bought a soda on the card!
Time: Sun Feb 29 19:30:31 2004
www bought a soda on the card!
Time: Sun Feb 29 19:49:52 2004
x bought a soda on the card!
Time: Sun Feb 29 19:52:01 2004
someone bought a soda on the card!
Time: Mon Mar  1 04:11:34 2004
www bought a soda on the card!
Time: Mon Mar  1 13:28:10 2004
stella bought a soda on the card!
Time: Mon Mar  1 14:14:43 2004
bavetta bought a soda on the card!
Time: Mon Mar  1 16:44:06 2004
ellis bought a soda on the card!
Time: Mon Mar  1 18:40:35 2004
ray bought a soda on the card!
Time: Mon Mar  1 18:40:53 2004
forlejandro bought a soda on the card!
Time: Mon Mar  1 21:55:19 2004
bavetta bought a soda on the card!
Time: Tue Mar  2 00:39:14 2004
mrow bought a soda on the card!
Time: Tue Mar  2 14:44:27 2004
riv bought a soda on the card!
Time: Tue Mar  2 16:26:01 2004
camlewis bought a soda on the card!
Time: Tue Mar  2 20:49:09 2004
ksu bought a soda on the card!
Time: Tue Mar  2 20:50:40 2004
davidmuc bought a soda on the card!
Time: Tue Mar  2 20:54:54 2004
lynx bought a soda on the card!
Time: Wed Mar  3 00:16:50 2004
afs bought a soda on the card!
Time: Wed Mar  3 11:22:37 2004
what bought a soda on the card!
Time: Wed Mar  3 12:41:51 2004
bavetta bought a soda on the card!
Time: Wed Mar  3 13:21:42 2004
stanley bought a soda on the card!
Time: Wed Mar  3 19:40:14 2004
fr0sh bought a soda on the card!
Time: Wed Mar  3 19:41:20 2004
stella bought a soda on the card!
Time: Wed Mar  3 19:44:01 2004
motoko bought a soda on the card!
Time: Wed Mar  3 20:17:17 2004
alex bought a soda on the card!
Time: Wed Mar  3 22:35:49 2004
bavetta bought a soda on the card!
Time: Thu Mar  4 14:13:30 2004
stella bought a soda on the card!
Time: Thu Mar  4 14:49:37 2004
bavetta bought a soda on the card!
Time: Thu Mar  4 19:34:51 2004
serge bought a soda on the card!
Time: Thu Mar  4 19:34:58 2004
ravid bought a soda on the card!
Time: Thu Mar  4 20:59:51 2004
fireman bought a soda on the card!
Time: Thu Mar  4 22:14:58 2004
link bought a soda on the card!
Time: Thu Mar  4 22:16:40 2004
larryben bought a soda on the card!
Time: Thu Mar  4 23:34:41 2004
blanche bought a soda on the card!
Time: Fri Mar  5 00:26:39 2004
fireman bought a soda on the card!
Time: Fri Mar  5 02:36:39 2004
oof bought a soda on the card!
Time: Fri Mar  5 15:08:26 2004
renew bought a soda on the card!
Time: Fri Mar  5 15:10:31 2004
riv bought a soda on the card!
Time: Fri Mar  5 15:32:48 2004
hhu bought a soda on the card!
Time: Fri Mar  5 15:38:08 2004
bavetta bought a soda on the card!
Time: Fri Mar  5 20:35:11 2004
aklog bought a soda on the card!
Gets this far
Gets a little further...
should work from here!
Time: Sat Mar  6 00:20:11 2004
hhu bought a soda on the card!
Time: Sat Mar  6 03:40:08 2004
kaboom bought a soda on the card!
Time: Sat Mar  6 03:40:10 2004
scritch bought a soda on the card!
Time: Sat Mar  6 12:33:45 2004
bavetta bought a soda on the card!
Time: Sat Mar  6 17:32:41 2004
bavetta bought a soda on the card!
Time: Sat Mar  6 20:13:53 2004
link bought a soda on the card!
Time: Sat Mar  6 20:14:04 2004
zwgc bought a soda on the card!
Time: Sat Mar  6 20:14:51 2004
samlives bought a soda on the card!
Time: Sat Mar  6 23:41:31 2004
dexter bought a soda on the card!
Time: Sat Mar  6 23:55:02 2004
IgotDew bought a soda on the card!
Time: Sun Mar  7 03:45:14 2004
revivesam bought a soda on the card!
Time: Sun Mar  7 13:04:37 2004
shinji bought a soda on the card!
Time: Sun Mar  7 16:44:19 2004
wangfire bought a soda on the card!
Time: Sun Mar  7 19:49:52 2004
shinji bought a soda on the card!
Time: Sun Mar  7 21:23:25 2004
ology bought a soda on the card!
Time: Sun Mar  7 21:25:23 2004
kinit bought a soda on the card!
Time: Mon Mar  8 13:33:28 2004
dexter bought a soda on the card!
Time: Mon Mar  8 17:20:54 2004
inc bought a soda on the card!
Time: Mon Mar  8 20:00:43 2004
addalias bought a soda on the card!
Time: Mon Mar  8 20:04:40 2004
forlejandro bought a soda on the card!
Time: Tue Mar  9 14:10:57 2004
stella bought a soda on the card!
Time: Tue Mar  9 14:11:58 2004
oof bought a soda on the card!
Time: Tue Mar  9 14:12:00 2004
web bought a soda on the card!
Time: Tue Mar  9 17:04:43 2004
doublemark bought a soda on the card!
Time: Tue Mar  9 17:55:43 2004
thejewishconspiracy bought a soda on the card!
Time: Tue Mar  9 19:13:22 2004
oof bought a soda on the card!
Time: Tue Mar  9 20:41:23 2004
bavetta bought a soda on the card!
Time: Tue Mar  9 21:56:51 2004
moira bought a soda on the card!
Time: Wed Mar 10 05:06:33 2004
cposs bought a soda on the card!
Time: Wed Mar 10 12:34:04 2004
kinit bought a soda on the card!
Time: Wed Mar 10 14:59:55 2004
doublemark bought a soda on the card!
Time: Wed Mar 10 15:26:13 2004
kchen bought a soda on the card!
Time: Wed Mar 10 15:26:33 2004
mrow bought a soda on the card!
Time: Wed Mar 10 15:30:23 2004
bavetta bought a soda on the card!
Time: Wed Mar 10 19:12:49 2004
doublemark bought a soda on the card!
Time: Wed Mar 10 20:51:40 2004
chrono bought a soda on the card!
Time: Wed Mar 10 20:51:47 2004
login bought a soda on the card!
Time: Wed Mar 10 20:55:47 2004
inc bought a soda on the card!
Time: Wed Mar 10 21:45:25 2004
doublemark bought a soda on the card!
Time: Wed Mar 10 22:07:06 2004
dexter bought a soda on the card!
Time: Wed Mar 10 23:29:00 2004
dheera bought a soda on the card!
Time: Thu Mar 11 00:52:08 2004
camlewis bought a soda on the card!
Time: Thu Mar 11 03:29:02 2004
mrow bought a soda on the card!
Time: Thu Mar 11 11:26:12 2004
daigohji bought a soda on the card!
Time: Thu Mar 11 14:08:12 2004
web bought a soda on the card!
Time: Thu Mar 11 14:52:43 2004
daigohji bought a soda on the card!
Time: Thu Mar 11 19:08:54 2004
what bought a soda on the card!
Time: Thu Mar 11 20:02:07 2004
daigohji bought a soda on the card!
Time: Thu Mar 11 21:32:42 2004
cockiscoke bought a soda on the card!
Time: Thu Mar 11 21:49:39 2004
rmm bought a soda on the card!
Time: Thu Mar 11 21:50:22 2004
nary bought a soda on the card!
Time: Fri Mar 12 03:04:56 2004
poof bought a soda on the card!
Time: Fri Mar 12 15:11:21 2004
bavetta bought a soda on the card!
Time: Fri Mar 12 15:55:16 2004
daigohji bought a soda on the card!
Time: Fri Mar 12 20:41:03 2004
magus bought a soda on the card!
Time: Fri Mar 12 20:41:22 2004
listalias bought a soda on the card!
Time: Fri Mar 12 23:25:29 2004
web bought a soda on the card!
Time: Sat Mar 13 01:06:03 2004
ender bought a soda on the card!
Time: Sat Mar 13 01:21:43 2004
q_ball bought a soda on the card!
Time: Sat Mar 13 03:31:44 2004
www bought a soda on the card!
Time: Sat Mar 13 15:27:09 2004
who bought a soda on the card!
Time: Sat Mar 13 16:31:13 2004
blanche bought a soda on the card!
Time: Sat Mar 13 17:41:43 2004
dheera bought a soda on the card!
Time: Sat Mar 13 19:52:13 2004
kinit bought a soda on the card!
Time: Sat Mar 13 20:20:27 2004
link bought a soda on the card!
Time: Sun Mar 14 00:04:40 2004
bavetta bought a soda on the card!
Time: Sun Mar 14 03:50:06 2004
kerberos bought a soda on the card!
Time: Sun Mar 14 14:42:12 2004
moira bought a soda on the card!
Time: Sun Mar 14 19:10:49 2004
shinji bought a soda on the card!
Time: Sun Mar 14 19:11:57 2004
link bought a soda on the card!
Time: Sun Mar 14 20:42:31 2004
shinji bought a soda on the card!
Time: Sun Mar 14 21:41:25 2004
what bought a soda on the card!
Time: Sun Mar 14 22:42:06 2004
doublemark bought a soda on the card!
Time: Mon Mar 15 04:15:10 2004
ploink bought a soda on the card!
Time: Mon Mar 15 13:35:42 2004
ender bought a soda on the card!
Time: Mon Mar 15 14:13:10 2004
ping bought a soda on the card!
Time: Mon Mar 15 19:16:36 2004
dheera bought a soda on the card!
Time: Mon Mar 15 20:05:35 2004
doublemark bought a soda on the card!
Time: Mon Mar 15 20:21:23 2004
doublemark bought a soda on the card!
Time: Mon Mar 15 21:02:17 2004
sproing bought a soda on the card!
Time: Mon Mar 15 21:42:14 2004
serge bought a soda on the card!
Time: Mon Mar 15 23:32:05 2004
blanche bought a soda on the card!
Time: Tue Mar 16 12:59:59 2004
seeposs bought a soda on the card!
Time: Tue Mar 16 14:14:15 2004
www bought a soda on the card!
Time: Tue Mar 16 14:16:00 2004
blanche bought a soda on the card!
Time: Tue Mar 16 20:59:19 2004
ender bought a soda on the card!
Time: Wed Mar 17 13:17:09 2004
hhu bought a soda on the card!
Time: Wed Mar 17 15:07:33 2004
daigohji bought a soda on the card!
Time: Wed Mar 17 19:02:10 2004
link310 bought a soda on the card!
Time: Wed Mar 17 20:10:11 2004
bavetta bought a soda on the card!
Time: Thu Mar 18 14:08:33 2004
stella bought a soda on the card!
Time: Thu Mar 18 16:18:46 2004
ping bought a soda on the card!
Time: Thu Mar 18 21:51:07 2004
ping bought a soda on the card!
Time: Fri Mar 19 00:40:56 2004
web bought a soda on the card!
Time: Fri Mar 19 01:34:29 2004
shinji bought a soda on the card!
Time: Fri Mar 19 13:56:54 2004
who bought a soda on the card!
Time: Fri Mar 19 15:06:05 2004
doublemark bought a soda on the card!
Time: Fri Mar 19 15:08:09 2004
ender bought a soda on the card!
Time: Fri Mar 19 19:25:59 2004
bavetta bought a soda on the card!
Time: Fri Mar 19 21:08:25 2004
doublemark bought a soda on the card!
Time: Fri Mar 19 21:11:28 2004
ksu bought a soda on the card!
Time: Fri Mar 19 21:35:26 2004
doublemark bought a soda on the card!
Time: Fri Mar 19 23:46:47 2004
kaboom bought a soda on the card!
Time: Sat Mar 20 00:47:51 2004
hhu bought a soda on the card!
Time: Sat Mar 20 02:10:02 2004
cam bought a soda on the card!
Time: Sat Mar 20 05:58:04 2004
www bought a soda on the card!
Time: Sat Mar 20 20:19:32 2004
gpicard bought a soda on the card!
Time: Sun Mar 21 04:36:07 2004
mrow bought a soda on the card!
Time: Sun Mar 21 18:34:48 2004
mrow bought a soda on the card!
Time: Mon Mar 22 13:59:32 2004
sk bought a soda on the card!
Time: Mon Mar 22 18:15:20 2004
what bought a soda on the card!
Time: Mon Mar 22 19:48:22 2004
fourlejandro bought a soda on the card!
Time: Mon Mar 22 19:52:11 2004
sam bought a soda on the card!
Time: Tue Mar 23 00:00:05 2004
hhu bought a soda on the card!
Time: Tue Mar 23 02:29:51 2004
www bought a soda on the card!
Time: Tue Mar 23 16:21:16 2004
ploink bought a soda on the card!
Gets this far
Gets a little further...
should work from here!
Time: Wed Mar 24 02:09:41 2004
mrow bought a soda on the card!
Time: Wed Mar 24 14:45:55 2004
shinji bought a soda on the card!
Time: Wed Mar 24 18:52:14 2004
oof bought a soda on the card!
Time: Wed Mar 24 18:52:35 2004
lynx bought a soda on the card!
Time: Thu Mar 25 01:25:21 2004
kaboom bought a soda on the card!
Time: Thu Mar 25 06:11:25 2004
who bought a soda on the card!
Time: Thu Mar 25 21:07:04 2004
kaboom bought a soda on the card!
Time: Thu Mar 25 23:19:10 2004
camlewis bought a soda on the card!
Time: Fri Mar 26 01:23:24 2004
poof bought a soda on the card!
Time: Fri Mar 26 18:47:33 2004
dheera bought a soda on the card!
Time: Fri Mar 26 20:31:06 2004
sedeno bought a soda on the card!
Time: Fri Mar 26 21:33:23 2004
oof bought a soda on the card!
Time: Sat Mar 27 13:10:39 2004
ellis bought a soda on the card!
Time: Sat Mar 27 17:42:58 2004
doublemark bought a soda on the card!
Time: Sat Mar 27 17:43:23 2004
fourlejandro bought a soda on the card!
Time: Sat Mar 27 21:28:08 2004
ping bought a soda on the card!
Time: Sat Mar 27 21:28:20 2004
ellis bought a soda on the card!
Time: Sat Mar 27 21:30:49 2004
badda_bing bought a soda on the card!
Time: Sun Mar 28 00:14:00 2004
ploink bought a soda on the card!
Time: Sun Mar 28 00:36:40 2004
daigohji bought a soda on the card!
Time: Sun Mar 28 15:59:55 2004
web bought a soda on the card!
Time: Sun Mar 28 18:00:22 2004
ellis bought a soda on the card!
Time: Sun Mar 28 18:17:50 2004
dexter bought a soda on the card!
Time: Sun Mar 28 19:31:52 2004
smark bought a soda on the card!
Time: Sun Mar 28 21:06:54 2004
badda_bing bought a soda on the card!
Time: Sun Mar 28 21:10:46 2004
smark bought a soda on the card!
Time: Mon Mar 29 07:27:16 2004
smark bought a soda on the card!
Time: Mon Mar 29 12:21:36 2004
bavetta bought a soda on the card!
Time: Mon Mar 29 13:11:22 2004
samlives bought a soda on the card!
Time: Mon Mar 29 19:47:07 2004
ellis bought a soda on the card!
Time: Mon Mar 29 20:12:34 2004
davidmack bought a soda on the card!
Time: Mon Mar 29 20:12:42 2004
doublemark bought a soda on the card!
Time: Mon Mar 29 20:12:50 2004
forelejandro bought a soda on the card!
Time: Mon Mar 29 20:14:32 2004
dexter bought a soda on the card!
Time: Tue Mar 30 21:05:08 2004
ender bought a soda on the card!
Time: Tue Mar 30 21:17:07 2004
sam bought a soda on the card!
Time: Wed Mar 31 14:30:57 2004
bavetta bought a soda on the card!
Time: Wed Mar 31 15:07:58 2004
ender bought a soda on the card!
Time: Wed Mar 31 18:01:33 2004
ellis bought a soda on the card!
Time: Wed Mar 31 18:11:00 2004
sedeno bought a soda on the card!
Time: Wed Mar 31 18:35:53 2004
blanche bought a soda on the card!
Time: Thu Apr  1 14:14:22 2004
shinji bought a soda on the card!
Time: Thu Apr  1 17:53:27 2004
doublemark bought a soda on the card!
Time: Thu Apr  1 20:20:02 2004
bavetta bought a soda on the card!
Time: Thu Apr  1 20:35:20 2004
logout bought a soda on the card!
Time: Thu Apr  1 20:37:20 2004
login bought a soda on the card!
Time: Thu Apr  1 21:31:21 2004
ellis bought a soda on the card!
Time: Thu Apr  1 22:00:15 2004
bavetta bought a soda on the card!
Time: Thu Apr  1 22:36:04 2004
dexter bought a soda on the card!
Time: Fri Apr  2 01:57:41 2004
ploink bought a soda on the card!
Time: Fri Apr  2 13:08:14 2004
login bought a soda on the card!
Time: Fri Apr  2 14:17:30 2004
bavetta bought a soda on the card!
Time: Fri Apr  2 14:30:21 2004
cam bought a soda on the card!
Time: Fri Apr  2 15:03:54 2004
shinji bought a soda on the card!
Time: Fri Apr  2 20:38:47 2004
kdestroy bought a soda on the card!
Time: Fri Apr  2 20:40:51 2004
forlejandro bought a soda on the card!
Time: Fri Apr  2 20:55:13 2004
bavetta bought a soda on the card!
Time: Sat Apr  3 21:47:03 2004
addalias bought a soda on the card!
Time: Sat Apr  3 21:47:31 2004
badda_bing bought a soda on the card!
Time: Sat Apr  3 22:27:06 2004
bavetta bought a soda on the card!
Time: Sun Apr  4 13:07:31 2004
bavetta bought a soda on the card!
Time: Sun Apr  4 21:20:08 2004
link bought a soda on the card!
Time: Sun Apr  4 22:04:56 2004
scritch bought a soda on the card!
Time: Sun Apr  4 22:19:22 2004
oof bought a soda on the card!
Time: Mon Apr  5 01:32:16 2004
smark bought a soda on the card!
Time: Mon Apr  5 02:45:22 2004
www bought a soda on the card!
Time: Mon Apr  5 06:11:43 2004
smark bought a soda on the card!
Time: Mon Apr  5 12:21:32 2004
bavetta bought a soda on the card!
Time: Mon Apr  5 14:53:17 2004
shinji bought a soda on the card!
Time: Mon Apr  5 20:07:23 2004
lynx bought a soda on the card!
Time: Mon Apr  5 20:07:45 2004
buy bought a soda on the card!
Time: Tue Apr  6 13:05:31 2004
bavetta bought a soda on the card!
Time: Tue Apr  6 14:10:21 2004
inc bought a soda on the card!
Time: Tue Apr  6 14:11:18 2004
ender bought a soda on the card!
Time: Tue Apr  6 16:22:33 2004
fr0sh bought a soda on the card!
Time: Wed Apr  7 01:46:47 2004
smark bought a soda on the card!
Time: Wed Apr  7 02:03:02 2004
camlewis bought a soda on the card!
Time: Wed Apr  7 15:05:40 2004
kaboom bought a soda on the card!
Time: Wed Apr  7 15:11:24 2004
moira bought a soda on the card!
Time: Wed Apr  7 20:30:25 2004
bavetta bought a soda on the card!
Time: Wed Apr  7 20:36:59 2004
fourlejandro bought a soda on the card!
Time: Wed Apr  7 22:54:48 2004
smark bought a soda on the card!
Time: Wed Apr  7 22:57:10 2004
smark bought a soda on the card!
Time: Wed Apr  7 23:41:18 2004
stella bought a soda on the card!
Time: Thu Apr  8 03:12:42 2004
oof bought a soda on the card!
Time: Thu Apr  8 10:46:25 2004
smark bought a soda on the card!
Time: Thu Apr  8 14:25:20 2004
hhu bought a soda on the card!
Time: Thu Apr  8 17:11:16 2004
daigohji bought a soda on the card!
Time: Thu Apr  8 20:15:18 2004
lynx bought a soda on the card!
Time: Thu Apr  8 23:15:46 2004
smark bought a soda on the card!
Time: Fri Apr  9 00:29:35 2004
bavetta bought a soda on the card!
Time: Fri Apr  9 02:50:13 2004
smark bought a soda on the card!
Time: Fri Apr  9 03:19:10 2004
www bought a soda on the card!
Time: Fri Apr  9 05:55:37 2004
web bought a soda on the card!
Time: Fri Apr  9 10:58:25 2004
riv bought a soda on the card!
Time: Fri Apr  9 11:52:30 2004
bavetta bought a soda on the card!
Time: Fri Apr  9 20:07:10 2004
alex bought a soda on the card!
Time: Fri Apr  9 20:07:29 2004
MountainDewIsGoodForYou bought a soda on the card!
Time: Fri Apr  9 20:08:28 2004
listalias bought a soda on the card!
Time: Fri Apr  9 23:40:37 2004
smark bought a soda on the card!
Time: Sat Apr 10 00:12:34 2004
hhu bought a soda on the card!
Time: Sat Apr 10 00:40:21 2004
afs bought a soda on the card!
Time: Sat Apr 10 17:52:02 2004
who bought a soda on the card!
Time: Sat Apr 10 20:12:23 2004
IgotDew bought a soda on the card!
Time: Sat Apr 10 20:13:12 2004
nary bought a soda on the card!
Time: Sat Apr 10 22:29:54 2004
bavetta bought a soda on the card!
Time: Sat Apr 10 22:31:26 2004
scritch bought a soda on the card!
Time: Sat Apr 10 23:13:16 2004
mrow bought a soda on the card!
Time: Sun Apr 11 14:41:19 2004
riv bought a soda on the card!
Time: Sun Apr 11 14:58:46 2004
bavetta bought a soda on the card!
Time: Sun Apr 11 15:13:40 2004
ping bought a soda on the card!
Time: Sun Apr 11 16:11:11 2004
riv bought a soda on the card!
Time: Sun Apr 11 16:54:58 2004
bavetta bought a soda on the card!
Time: Sun Apr 11 19:33:41 2004
ology bought a soda on the card!
Time: Mon Apr 12 08:59:00 2004
kerberos bought a soda on the card!
Time: Mon Apr 12 14:46:48 2004
revivesam bought a soda on the card!
Time: Mon Apr 12 20:55:33 2004
ksu bought a soda on the card!
Time: Mon Apr 12 20:55:46 2004
graaaagh bought a soda on the card!
Time: Mon Apr 12 20:56:06 2004
samlives bought a soda on the card!
Time: Mon Apr 12 21:16:31 2004
riv bought a soda on the card!
Gets this far
Gets a little further...
should work from here!
Time: Tue Apr 13 00:59:01 2004
riv bought a soda on the card!
Time: Tue Apr 13 14:16:25 2004
yangr bought a soda on the card!
Time: Tue Apr 13 19:27:54 2004
stella bought a soda on the card!
Time: Tue Apr 13 20:28:16 2004
davidmack bought a soda on the card!
Time: Tue Apr 13 20:55:30 2004
dheera bought a soda on the card!
Time: Tue Apr 13 21:49:28 2004
yangr bought a soda on the card!
Time: Tue Apr 13 22:06:31 2004
ellis bought a soda on the card!
Time: Wed Apr 14 03:06:21 2004
poof bought a soda on the card!
Time: Wed Apr 14 19:20:19 2004
bavetta bought a soda on the card!
Time: Thu Apr 15 12:41:35 2004
bavetta bought a soda on the card!
Time: Thu Apr 15 14:25:35 2004
renew bought a soda on the card!
Time: Thu Apr 15 16:05:17 2004
dheera bought a soda on the card!
Time: Thu Apr 15 18:36:12 2004
sam bought a soda on the card!
Time: Thu Apr 15 20:32:56 2004
yarmond bought a soda on the card!
Time: Thu Apr 15 20:33:10 2004
4lejandro bought a soda on the card!
Time: Thu Apr 15 22:52:32 2004
renew bought a soda on the card!
Time: Fri Apr 16 00:28:13 2004
wangfire bought a soda on the card!
Time: Fri Apr 16 17:48:16 2004
smark bought a soda on the card!
Time: Fri Apr 16 18:39:47 2004
wangfire bought a soda on the card!
Time: Fri Apr 16 23:11:32 2004
buy bought a soda on the card!
Time: Sat Apr 17 14:18:35 2004
skendig bought a soda on the card!
Time: Sat Apr 17 15:03:44 2004
smark bought a soda on the card!
Time: Sat Apr 17 15:44:18 2004
bavetta bought a soda on the card!
Time: Sat Apr 17 18:55:06 2004
daigohji bought a soda on the card!
Time: Sat Apr 17 20:24:21 2004
7houis bought a soda on the card!
Time: Sat Apr 17 20:24:37 2004
magus bought a soda on the card!
Time: Sun Apr 18 04:03:25 2004
bavetta bought a soda on the card!
Time: Sun Apr 18 04:36:13 2004
web bought a soda on the card!
Time: Sun Apr 18 15:46:22 2004
daigohji bought a soda on the card!
Time: Sun Apr 18 20:37:59 2004
oof bought a soda on the card!
Time: Sun Apr 18 20:42:22 2004
bavetta bought a soda on the card!
Time: Sun Apr 18 23:07:17 2004
doublemark bought a soda on the card!
Time: Sun Apr 18 23:23:17 2004
login bought a soda on the card!
Time: Mon Apr 19 15:31:40 2004
bavetta bought a soda on the card!
Time: Mon Apr 19 17:28:48 2004
skendig bought a soda on the card!
Time: Mon Apr 19 20:34:03 2004
ology bought a soda on the card!
Time: Mon Apr 19 20:34:17 2004
MountainDewIsGoodForYou bought a soda on the card!
Time: Mon Apr 19 20:34:32 2004
sk bought a soda on the card!
Time: Tue Apr 20 03:10:23 2004
smark bought a soda on the card!
Time: Tue Apr 20 15:00:42 2004
ping bought a soda on the card!
Time: Tue Apr 20 19:53:42 2004
forlejandro bought a soda on the card!
Time: Tue Apr 20 19:53:48 2004
speth bought a soda on the card!
Time: Tue Apr 20 19:54:34 2004
4run bought a soda on the card!
Time: Tue Apr 20 19:54:53 2004
sk bought a soda on the card!
Time: Tue Apr 20 22:23:04 2004
fr0sh bought a soda on the card!
Time: Tue Apr 20 22:31:00 2004
quit bought a soda on the card!
Time: Wed Apr 21 13:09:06 2004
sam bought a soda on the card!
Time: Wed Apr 21 13:26:07 2004
bavetta bought a soda on the card!
Time: Thu Apr 22 01:34:14 2004
smark bought a soda on the card!
Time: Thu Apr 22 19:35:32 2004
smark bought a soda on the card!
Time: Thu Apr 22 20:29:44 2004
chrono bought a soda on the card!
Time: Thu Apr 22 20:30:36 2004
quit bought a soda on the card!
Time: Thu Apr 22 20:30:47 2004
sam bought a soda on the card!
Time: Sat Apr 24 14:52:06 2004
ping bought a soda on the card!
Time: Sat Apr 24 14:52:16 2004
renew bought a soda on the card!
Gets this far
Gets a little further...
should work from here!
Time: Sat Apr 24 20:38:52 2004
revivesam bought a soda on the card!
Time: Sat Apr 24 20:39:04 2004
login bought a soda on the card!
Time: Sat Apr 24 20:40:42 2004
samlives bought a soda on the card!
Time: Sat Apr 24 20:40:47 2004
renew bought a soda on the card!
Time: Sat Apr 24 22:29:34 2004
smark bought a soda on the card!
Time: Sun Apr 25 19:21:42 2004
kinit bought a soda on the card!
Time: Sun Apr 25 20:37:26 2004
doublemark bought a soda on the card!
Time: Sun Apr 25 20:39:39 2004
kerberos bought a soda on the card!
Time: Mon Apr 26 00:08:32 2004
scritch bought a soda on the card!
Time: Mon Apr 26 13:20:56 2004
hhu bought a soda on the card!
Time: Mon Apr 26 18:00:17 2004
daigohji bought a soda on the card!
Time: Mon Apr 26 19:12:39 2004
yarmond bought a soda on the card!
Time: Mon Apr 26 19:14:01 2004
larryben bought a soda on the card!
Time: Mon Apr 26 22:54:36 2004
antimatter bought a soda on the card!
Gets this far
Gets a little further...
should work from here!
Time: Tue Apr 27 00:35:23 2004
oof bought a soda on the card!
Time: Tue Apr 27 02:47:55 2004
smark bought a soda on the card!
Time: Tue Apr 27 02:59:43 2004
mitchb bought a soda on the card!
Time: Tue Apr 27 13:30:48 2004
kimlaha bought a soda on the card!
Time: Tue Apr 27 14:12:23 2004
web bought a soda on the card!
Time: Tue Apr 27 16:23:32 2004
doublemark bought a soda on the card!
Time: Tue Apr 27 18:02:49 2004
inc bought a soda on the card!
Time: Tue Apr 27 20:30:41 2004
forlejandro bought a soda on the card!
Time: Wed Apr 28 03:15:51 2004
oof bought a soda on the card!
Time: Wed Apr 28 12:45:03 2004
bavetta bought a soda on the card!
Time: Wed Apr 28 14:29:34 2004
smark bought a soda on the card!
Time: Wed Apr 28 17:36:04 2004
skendig bought a soda on the card!
Time: Wed Apr 28 20:06:00 2004
bavetta bought a soda on the card!
Time: Wed Apr 28 23:03:38 2004
smark bought a soda on the card!
Time: Wed Apr 28 23:26:53 2004
dexter bought a soda on the card!
Time: Thu Apr 29 00:09:57 2004
kimlaha bought a soda on the card!
Time: Thu Apr 29 13:32:37 2004
ping bought a soda on the card!
Time: Thu Apr 29 13:39:42 2004
smark bought a soda on the card!
Time: Thu Apr 29 14:08:13 2004
moira bought a soda on the card!
Time: Thu Apr 29 15:55:22 2004
smark bought a soda on the card!
Time: Thu Apr 29 16:33:32 2004
ender bought a soda on the card!
Time: Thu Apr 29 19:25:58 2004
asedeno bought a soda on the card!
Time: Thu Apr 29 19:28:28 2004
skendig bought a soda on the card!
Time: Thu Apr 29 19:29:45 2004
su bought a soda on the card!
Time: Thu Apr 29 19:29:58 2004
thesunisamassofincandescentgasagiganticnuclearfurnace bought a soda on the card!
Time: Thu Apr 29 19:40:34 2004
kaboom bought a soda on the card!
Time: Thu Apr 29 19:47:47 2004
gpicard bought a soda on the card!
Time: Thu Apr 29 20:17:36 2004
sudo bought a soda on the card!
Time: Thu Apr 29 21:18:51 2004
bavetta bought a soda on the card!
Time: Thu Apr 29 21:56:14 2004
login bought a soda on the card!
Time: Fri Apr 30 01:48:02 2004
mitchb bought a soda on the card!
Time: Fri Apr 30 03:07:40 2004
smark bought a soda on the card!
Time: Fri Apr 30 03:08:32 2004
smark bought a soda on the card!
Time: Fri Apr 30 03:08:42 2004
smark bought a soda on the card!
Time: Fri Apr 30 12:40:45 2004
sk bought a soda on the card!
Time: Fri Apr 30 16:59:40 2004
doublemark bought a soda on the card!
Time: Fri Apr 30 20:07:49 2004
dselect bought a soda on the card!
Time: Fri Apr 30 20:13:36 2004
chrono bought a soda on the card!
Time: Fri Apr 30 20:15:44 2004
afs bought a soda on the card!
Time: Fri Apr 30 22:42:46 2004
ender bought a soda on the card!
Time: Sat May  1 00:26:49 2004
scritch bought a soda on the card!
Time: Sat May  1 02:28:24 2004
mitchb bought a soda on the card!
Time: Sat May  1 14:56:30 2004
hhu bought a soda on the card!
Time: Sat May  1 19:45:16 2004
dexter bought a soda on the card!
Time: Sat May  1 20:01:12 2004
sedeno bought a soda on the card!
Time: Sat May  1 23:20:39 2004
what bought a soda on the card!
Time: Sat May  1 23:53:48 2004
camlewis bought a soda on the card!
Time: Sat May  1 23:54:21 2004
bavetta bought a soda on the card!
Time: Sun May  2 03:00:43 2004
smark bought a soda on the card!
Time: Sun May  2 03:51:43 2004
mitchb bought a soda on the card!
Time: Sun May  2 04:14:24 2004
mitchb bought a soda on the card!
Time: Sun May  2 15:39:49 2004
ping bought a soda on the card!
Time: Sun May  2 17:09:51 2004
davidmuc bought a soda on the card!
Time: Sun May  2 19:22:56 2004
magus bought a soda on the card!
Time: Sun May  2 19:25:46 2004
cam bought a soda on the card!
Time: Sun May  2 19:51:01 2004
bavetta bought a soda on the card!
Time: Sun May  2 22:06:18 2004
we bought a soda on the card!
Time: Sun May  2 22:08:58 2004
kchen bought a soda on the card!
Time: Sun May  2 22:09:35 2004
fourlejandro bought a soda on the card!
Time: Sun May  2 22:10:13 2004
forlejandro bought a soda on the card!
Time: Sun May  2 22:29:36 2004
moira bought a soda on the card!
Time: Sun May  2 23:29:52 2004
dheera bought a soda on the card!
Gets this far
Gets a little further...
should work from here!
Time: Mon May  3 17:09:30 2004
daigohji bought a soda on the card!
Time: Mon May  3 17:09:51 2004
ellis bought a soda on the card!
Time: Mon May  3 20:40:03 2004
MountainDewIsGoodForYou bought a soda on the card!
Time: Mon May  3 20:40:17 2004
nary bought a soda on the card!
Time: Mon May  3 23:31:53 2004
ender bought a soda on the card!
Time: Tue May  4 14:13:40 2004
hhu bought a soda on the card!
Time: Tue May  4 19:40:29 2004
ender bought a soda on the card!
Time: Tue May  4 22:31:40 2004
www bought a soda on the card!
Time: Tue May  4 23:36:43 2004
smark bought a soda on the card!
Time: Wed May  5 11:00:43 2004
smark bought a soda on the card!
Time: Wed May  5 12:42:05 2004
skendig bought a soda on the card!
Time: Wed May  5 16:09:31 2004
smark bought a soda on the card!
Time: Wed May  5 20:46:03 2004
stanley bought a soda on the card!
Time: Thu May  6 00:07:30 2004
web bought a soda on the card!
Time: Thu May  6 14:03:21 2004
mrow bought a soda on the card!
Time: Thu May  6 17:14:42 2004
smark bought a soda on the card!
Time: Thu May  6 17:41:41 2004
doublemark bought a soda on the card!
Time: Thu May  6 20:21:18 2004
smark bought a soda on the card!
Time: Thu May  6 22:50:12 2004
ender bought a soda on the card!
Time: Thu May  6 23:19:11 2004
bavetta bought a soda on the card!
Time: Fri May  7 01:38:03 2004
smark bought a soda on the card!
Time: Fri May  7 04:57:43 2004
poof bought a soda on the card!
Time: Fri May  7 05:41:10 2004
mitchb bought a soda on the card!
Time: Fri May  7 05:51:10 2004
smark bought a soda on the card!
Time: Fri May  7 14:36:53 2004
stanley bought a soda on the card!
Time: Fri May  7 15:09:01 2004
mitchb bought a soda on the card!
Time: Fri May  7 15:21:36 2004
smark bought a soda on the card!
Time: Fri May  7 21:42:02 2004
bavetta bought a soda on the card!
Time: Fri May  7 22:22:06 2004
mitchb bought a soda on the card!
Time: Sat May  8 04:21:23 2004
afs bought a soda on the card!
Time: Sat May  8 20:04:31 2004
serge bought a soda on the card!
Time: Sat May  8 20:04:55 2004
su bought a soda on the card!
Time: Sat May  8 21:55:46 2004
wangfire bought a soda on the card!
Time: Sat May  8 23:15:22 2004
bavetta bought a soda on the card!
Time: Sun May  9 17:15:45 2004
smark bought a soda on the card!
Time: Sun May  9 18:08:00 2004
smark bought a soda on the card!
Time: Mon May 10 23:29:53 2004
wangfire bought a soda on the card!
Time: Tue May 11 14:04:25 2004
bavetta bought a soda on the card!
Time: Tue May 11 21:15:25 2004
magus bought a soda on the card!
Time: Tue May 11 22:27:08 2004
what bought a soda on the card!
Time: Wed May 12 13:25:38 2004
bavetta bought a soda on the card!
Time: Wed May 12 15:37:31 2004
oof bought a soda on the card!
Time: Wed May 12 19:29:03 2004
serge bought a soda on the card!
Time: Wed May 12 19:30:23 2004
x bought a soda on the card!
Time: Wed May 12 22:52:46 2004
speth bought a soda on the card!
Time: Thu May 13 00:48:22 2004
kimlaha bought a soda on the card!
Time: Thu May 13 01:21:34 2004
camlewis bought a soda on the card!
Time: Thu May 13 20:34:21 2004
ology bought a soda on the card!
Time: Fri May 14 03:00:27 2004
smark bought a soda on the card!
Time: Fri May 14 13:58:23 2004
mrow bought a soda on the card!
Time: Fri May 14 14:59:15 2004
bavetta bought a soda on the card!
Time: Fri May 14 20:13:20 2004
bavetta bought a soda on the card!
Gets this far
Gets a little further...
should work from here!
Time: Sun May 16 15:08:18 2004
alias bought a soda on the card!
Gets this far
Gets a little further...
Gets this far
Gets a little further...
Gets this far
Gets a little further...
Gets this far
Gets this far
Gets this far
Gets this far
Gets this far
Gets this far
Gets this far
Gets this far
Gets this far
Gets this far
Gets this far
Gets this far
Gets this far
Gets this far
Gets this far
Gets this far
Gets this far
Gets this far
Gets this far
Gets this far
Gets this far
Gets this far
Gets this far
Gets this far
Gets this far
Gets this far
Gets this far
Gets this far
Gets this far
Gets this far
Gets this far
Gets this far
Gets this far
Gets this far
Gets this far
Gets this far
Gets this far
Gets this far
Gets this far
Gets this far
Gets this far
Gets this far
Gets this far
Gets this far
Gets this far
Gets this far
Gets this far
Gets this far
Gets this far
Gets this far
Gets this far
Gets this far
Gets this far
Gets this far
Gets this far
Gets this far
Gets this far
Gets this far
Gets this far
Gets this far
Gets this far
Gets a little further...
Gets this far
Gets a little further...
Gets this far
Gets a little further...
Gets this far
Gets a little further...
Gets this far
Gets a little further...
Gets this far
Gets a little further...
Gets this far
Gets a little further...
Gets this far
Gets a little further...
Gets this far
Gets a little further...
Gets this far
Gets a little further...
Gets this far
Gets a little further...
Gets this far
Gets a little further...
Gets this far
Gets a little further...
Gets this far
Gets a little further...
