This is TeX, Version 3.14159 (Web2C 7.3.1) (format=tex 2002.6.9)  13 AUG 2002 15:20
**octave.texi
(octave.texi (../texinfo.tex Loading texinfo [version 1999-09-25.10]: Basics,
\bindingoffset=\dimen16
\normaloffset=\dimen17
\pagewidth=\dimen18
\pageheight=\dimen19
\outerhsize=\dimen20
\outervsize=\dimen21
\cornerlong=\dimen22
\cornerthick=\dimen23
\topandbottommargin=\dimen24
\headlinebox=\box16
\footlinebox=\box17
\margin=\insert252
\EMsimple=\toks12
\singlespaceskip=\skip18
\groupinvalidhelp=\toks13
\mil=\dimen25
\exdentamount=\skip19
\inmarginspacing=\skip20

pdf,
\tempnum=\count26
\lnkcount=\count27
\filename=\toks14
\filenamelength=\count28
\pgn=\count29
\toksA=\toks15
\toksB=\toks16
\toksC=\toks17
\toksD=\toks18
\boxA=\box18
\countA=\count30
 fonts,
\sffam=\fam8
\mainmagstep=\count31
\fontdepth=\count32
 page headings,
\titlepagetopglue=\skip21
\titlepagebottomglue=\skip22
\evenheadline=\toks19
\oddheadline=\toks20
\evenfootline=\toks21
\oddfootline=\toks22
 tables,
\tableindent=\dimen26
\itemindent=\dimen27
\itemmargin=\dimen28
\itemmax=\dimen29
\itemno=\count33
\multitableparskip=\skip23
\multitableparindent=\skip24
\multitablecolspace=\dimen30
\multitablelinespace=\skip25
\colcount=\count34
 conditionals, indexing,
\secondaryindent=\skip26
\partialpage=\box19
\doublecolumnhsize=\dimen31
 sectioning,
\chapno=\count35
\secno=\count36
\subsecno=\count37
\subsubsecno=\count38
\appendixno=\count39
\absseclevel=\count40
\secbase=\count41
\chapheadingskip=\skip27
\secheadingskip=\skip28
\subsecheadingskip=\skip29
 toc,
\tocfile=\write0
\contentsrightmargin=\skip30
\savepageno=\count42
\lastnegativepageno=\count43
\shortappendixwidth=\dimen32
\tocindent=\dimen33

environments,
\dblarrowbox=\box20
\longdblarrowbox=\box21
\pushcharbox=\box22
\bullbox=\box23
\equivbox=\box24
\errorbox=\box25
\lispnarrowing=\skip31
\envskipamount=\skip32
\circthick=\dimen34
\cartouter=\dimen35
\cartinner=\dimen36
\normbskip=\skip33
\normpskip=\skip34
\normlskip=\skip35
\lskip=\skip36
\rskip=\skip37
 defuns,
\defbodyindent=\skip38
\defargsindent=\skip39
\deftypemargin=\skip40
\deflastargmargin=\skip41
\parencount=\count44
 macros,
\macscribble=\write1
\paramno=\count45
\macname=\toks23
 cross references,
\auxfile=\write2
\savesfregister=\count46
\footnoteno=\count47

(/usr/athena/share/texmf/tex/plain/dvips/epsf.tex
\epsffilein=\read0
\epsfframemargin=\dimen37
\epsfframethickness=\dimen38
\epsfrsize=\dimen39
\epsftmp=\dimen40
\epsftsize=\dimen41
\epsfxsize=\dimen42
\epsfysize=\dimen43
\pspoints=\dimen44
\epsfnoopenhelp=\toks24
)
\noepsfhelp=\toks25
 localization,
\nolanghelp=\toks26
\defaultparindent=\dimen45

and turning on texinfo input format.) (octave.aux)
@cpindfile=@write3
@fnindfile=@write4
@vrindfile=@write5
@tpindfile=@write6
@kyindfile=@write7
@pgindfile=@write8
@opindfile=@write9
 (../conf.texi) [1
\openout2 = `octave.aux'.

\openout3 = `octave.cp'.

\openout4 = `octave.fn'.

\openout5 = `octave.vr'.

\openout6 = `octave.tp'.

\openout7 = `octave.ky'.

\openout8 = `octave.pg'.

\openout9 = `octave.op'.

] [2]
(octave.toc [-1] [-2] [-3] [-4] [-5] [-6]) [-7] [-8] (preface.texi (Preface)
\openout0 = `octave.toc'.


[1] [2] [3]) (intro.texi Chapter 1 [4] [5] [6] [7] [8] [9] [10]) (basics.texi
Chapter 2 [11] [12] [13] [14] [15] [16] [17] [18] [19] [20] [21] [22] [23]
[24] [25] [26]) (data.texi Chapter 3 [27] [28] [29]
\openout1 = `octave.tmp'.

 (octave.tmp)
\openout1 = `octave.tmp'.

 (octave.tmp))
(numbers.texi Chapter 4 [30] [31] [32] [33] [34] [35]
\openout1 = `octave.tmp'.

 (octave.tmp)
\openout1 = `octave.tmp'.

 (octave.tmp)
\openout1 = `octave.tmp'.

(octave.tmp)
\openout1 = `octave.tmp'.

 (octave.tmp)) (strings.texi Chapter 5 [36] [37]
\openout1 = `octave.tmp'.

 (octave.tmp)
[38] [39]
\openout1 = `octave.tmp'.

 (octave.tmp)
\openout1 = `octave.tmp'.

 (octave.tmp) [40]
\openout1 = `octave.tmp'.

 (octave.tmp)
\openout1 = `octave.tmp'.

 (octave.tmp)
\openout1 = `octave.tmp'.

 (octave.tmp)
\openout1 = `octave.tmp'.

(octave.tmp) [41] [42] [43]) (struct.texi Chapter 6 [44] [45] [46])
(container.texi Chapter 7 [47] [48]) (stream.texi Chapter 8 [49] [50])
(var.texi Chapter 9 [51] [52] [53] [54] [55] [56] [57] [58] [59] [60])
(expr.texi Chapter 10 [61] [62] [63] [64] [65] [66] [67] [68] [69] [70]
[71] [72] [73] [74]) (eval.texi Chapter 11 [75] [76] [77]) (stmt.texi
Chapter 12 [78] [79] [80] [81] [82] [83] [84] [85] [86] [87] [88]) (func.texi
Chapter 13 [89] [90] [91] [92] [93] [94] [95] [96] [97] [98]
\openout1 = `octave.tmp'.

 (octave.tmp)
[99] [100] [101] [102] [103] [104]) (errors.texi Chapter 14 [105] [106]
[107]
\openout1 = `octave.tmp'.

 (octave.tmp)) (io.texi Chapter 15 [108] [109]
\openout1 = `octave.tmp'.

 (octave.tmp)
\openout1 = `octave.tmp'.

 (octave.tmp)
[110] [111]
\openout1 = `octave.tmp'.

 (octave.tmp) [112] [113] [114]
\openout1 = `octave.tmp'.

 (octave.tmp) [115] [116] [117]
\openout1 = `octave.tmp'.


(octave.tmp)
\openout1 = `octave.tmp'.

 (octave.tmp) [118] [119] [120]
Underfull \hbox (badness 2418) in paragraph at lines 1019--1022
 @textrm `@texttt %f[]@textrm '[]Print a floating-point num-ber in nor-mal (fix
ed-point) no-ta-tion. See

@hbox(8.2125+2.73749)x433.62, glue set 2.89531
.@glue(@leftskip) 57.81621
.@penalty 10000
.@kern -57.81621
.@textrm `
.@texttt %
.etc.

[121] [122] [123] [124] [125] [126] [127] [128] [129]) (plot.texi Chapter 16
[130] [131] [132] [133]
\openout1 = `octave.tmp'.

 (octave.tmp) [134]
\openout1 = `octave.tmp'.

 (octave.tmp) [135] [136]
\openout1 = `octave.tmp'.

 (octave.tmp)
\openout1 = `octave.tmp'.

 (octave.tmp)
\openout1 = `octave.tmp'.

 (octave.tmp)
\openout1 = `octave.tmp'.

 (octave.tmp)
\openout1 = `octave.tmp'.

 (octave.tmp)
\openout1 = `octave.tmp'.

 (octave.tmp)
\openout1 = `octave.tmp'.

 (octave.tmp) [137]
\openout1 = `octave.tmp'.

 (octave.tmp) [138]
\openout1 = `octave.tmp'.

 (octave.tmp)
\openout1 = `octave.tmp'.

 (octave.tmp)
\openout1 = `octave.tmp'.

 (octave.tmp)
\openout1 = `octave.tmp'.

 (octave.tmp)
\openout1 = `octave.tmp'.


(octave.tmp) [139] [140] [141]) (matrix.texi Chapter 17 [142] [143] [144]
\openout1 = `octave.tmp'.


(octave.tmp)
\openout1 = `octave.tmp'.

 (octave.tmp)
\openout1 = `octave.tmp'.

 (octave.tmp) [145]
\openout1 = `octave.tmp'.

 (octave.tmp) [146]
\openout1 = `octave.tmp'.

 (octave.tmp)
[147] [148] [149]
\openout1 = `octave.tmp'.

 (octave.tmp) [150]
\openout1 = `octave.tmp'.

 (octave.tmp)
\openout1 = `octave.tmp'.

 (octave.tmp)
\openout1 = `octave.tmp'.

 (octave.tmp)
\openout1 = `octave.tmp'.


(octave.tmp) [151]
\openout1 = `octave.tmp'.

 (octave.tmp)
\openout1 = `octave.tmp'.

 (octave.tmp)) (arith.texi Chapter 18 [152]
\openout1 = `octave.tmp'.


(octave.tmp)
\openout1 = `octave.tmp'.

 (octave.tmp)
\openout1 = `octave.tmp'.

 (octave.tmp) [153]
\openout1 = `octave.tmp'.

 (octave.tmp)
\openout1 = `octave.tmp'.

 (octave.tmp)
\openout1 = `octave.tmp'.


(octave.tmp)
\openout1 = `octave.tmp'.

 (octave.tmp)
\openout1 = `octave.tmp'.

 (octave.tmp) [154]
\openout1 = `octave.tmp'.

 (octave.tmp)
\openout1 = `octave.tmp'.

 (octave.tmp) [155]
\openout1 = `octave.tmp'.


(octave.tmp)
\openout1 = `octave.tmp'.

 (octave.tmp) [156] [157] [158] [159]
\openout1 = `octave.tmp'.

 (octave.tmp)
\openout1 = `octave.tmp'.

 (octave.tmp)
\openout1 = `octave.tmp'.


(octave.tmp)
\openout1 = `octave.tmp'.

 (octave.tmp) [160]
\openout1 = `octave.tmp'.

 (octave.tmp)
\openout1 = `octave.tmp'.

 (octave.tmp) [161]
\openout1 = `octave.tmp'.

 (octave.tmp)
\openout1 = `octave.tmp'.


(octave.tmp)
\openout1 = `octave.tmp'.

 (octave.tmp)
\openout1 = `octave.tmp'.

 (octave.tmp) [162]) (linalg.texi Chapter 19 [163]
[164]
Underfull \hbox (badness 3965) in paragraph at lines 36--41
 []@texttt [cc, dd, aa, bb] = balance (a, b)[] @textrm re-turns @texttt aa = cc
*a*dd[] @textrm and @texttt bb = cc*b*dd)[]@textrm ,

@hbox(7.60416+2.12917)x433.62, glue set 3.4113
.@glue(@leftskip) 28.90755
.@hbox(0.0+0.0)x0.0
.@texttt [
.@texttt c
.@texttt c
.etc.

\openout1 = `octave.tmp'.

(octave.tmp) [165]
\openout1 = `octave.tmp'.

 (octave.tmp) [166] [167] [168]
Overfull \hbox (31.03839pt too wide) in paragraph at lines 452--452
 []|        @texttt AA = Q'*A*Z, BB = Q'*B*Z  with Q, Z orthogonal (unitary)= I
[] |

@hbox(8.8541+3.64589)x433.62
.@glue(@leftskip) 79.4963
.@hbox(0.0+0.0)x0.0
.@rule(8.8541+3.64589)x0.0
.@penalty 10000
.@glue 5.74869
.etc.

[169] [170] [171] [172]) (nonlin.texi Chapter 20 [173] [174]) (quad.texi
Chapter 21 [175] [176] [177]) (diffeq.texi Chapter 22 [178] [179]) (optim.texi
Chapter 23 [180]) (stats.texi Chapter 24 [181] [182]
\openout1 = `octave.tmp'.

 (octave.tmp)
\openout1 = `octave.tmp'.

 (octave.tmp)
[183] [184] [185] [186] [187] [188] [189] [190] [191] [192] [193] [194]
[195] [196] [197] [198] [199] [200] [201] [202] [203]) (finance.texi
Chapter 25 [204]
\openout1 = `octave.tmp'.

 (octave.tmp)
\openout1 = `octave.tmp'.

 (octave.tmp)
\openout1 = `octave.tmp'.

 (octave.tmp)
\openout1 = `octave.tmp'.

 (octave.tmp) [205]
\openout1 = `octave.tmp'.


(octave.tmp)
\openout1 = `octave.tmp'.

 (octave.tmp)) (set.texi Chapter 26 [206]
\openout1 = `octave.tmp'.

 (octave.tmp)
\openout1 = `octave.tmp'.

 (octave.tmp)
\openout1 = `octave.tmp'.

(octave.tmp)
\openout1 = `octave.tmp'.

 (octave.tmp)) (poly.texi Chapter 27 [207] [208]
\openout1 = `octave.tmp'.

 (octave.tmp)
\openout1 = `octave.tmp'.


(octave.tmp)
\openout1 = `octave.tmp'.

 (octave.tmp)
\openout1 = `octave.tmp'.

 (octave.tmp) [209]
\openout1 = `octave.tmp'.

 (octave.tmp)
\openout1 = `octave.tmp'.

 (octave.tmp)
\openout1 = `octave.tmp'.


(octave.tmp)
\openout1 = `octave.tmp'.

 (octave.tmp) [210]
\openout1 = `octave.tmp'.

 (octave.tmp)
\openout1 = `octave.tmp'.

 (octave.tmp)) (control.texi
Chapter 28 [211] [212]
\openout1 = `octave.tmp'.

 (octave.tmp) [213] [214]
Overfull \hbox (26.60324pt too wide) in paragraph at lines 263--263
 []@texttt octave:1> sys = fir2sys([1 -1 2 4],0.342,"A/D input","filter output"
);[] |

@hbox(7.60416+2.43333)x433.62
.@glue(@leftskip) 57.8151
.@hbox(0.0+0.0)x0.0
.@texttt o
.@texttt c
.@texttt t
.etc.

[215]
\openout1 = `octave.tmp'.

 (octave.tmp) [216]
Underfull \hbox (badness 2376) in paragraph at lines 407--410
 []@textrm where $@texti cout$ @textrm is the list of in 1:@texttt rows[]@textr
m (@textsl p@textrm ) that are not con-tained in out-list.

@hbox(8.2125+2.73749)x433.62, glue set 2.87733
.@glue(@leftskip) 28.90755
.@hbox(0.0+0.0)x0.0
.@textrm w
.@textrm h
.@textrm e
.etc.


Overfull \hbox (20.85455pt too wide) in paragraph at lines 416--416
 []@texttt octave:4> sys = ss2sys(a,b,c,[],0,3,0,list("volts","amps","joules"))
;[] |

@hbox(7.60416+2.43333)x433.62
.@glue(@leftskip) 57.8151
.@hbox(0.0+0.0)x0.0
.@texttt o
.@texttt c
.@texttt t
.etc.

[217] [218] [219] [220]
\openout1 = `octave.tmp'.

 (octave.tmp) [221]
Overfull \hbox (43.8493pt too wide) in paragraph at lines 776--776
 []@texttt octave> [Ast,Ain,Aout,Ayd] = sysgetsignals(sys) i  # get all signal 
names[] |

@hbox(7.60416+2.43333)x433.62
.@glue(@leftskip) 57.8151
.@hbox(0.0+0.0)x0.0
.@texttt o
.@texttt c
.@texttt t
.etc.

[222]
Overfull \hbox (20.85455pt too wide) in paragraph at lines 798--798
 []@texttt octave> Ain = sysgetsignals(sys,"in")   # get only input signal name
s[] |

@hbox(7.60416+2.43333)x433.62
.@glue(@leftskip) 57.8151
.@hbox(0.0+0.0)x0.0
.@texttt o
.@texttt c
.@texttt t
.etc.


Overfull \hbox (61.09537pt too wide) in paragraph at lines 804--804
 []@texttt octave> Aout = sysgetsignals(sys,"out",2)   # get name of output 2 (
in list)[] |

@hbox(7.60416+2.43333)x433.62
.@glue(@leftskip) 57.8151
.@hbox(0.0+0.0)x0.0
.@texttt o
.@texttt c
.@texttt t
.etc.


Overfull \hbox (78.34143pt too wide) in paragraph at lines 809--809
 []@texttt octave> Aout = sysgetsignals(sys,"out",2,1)  # get name of output 2 
(as string)[] |

@hbox(7.60416+2.43333)x433.62
.@glue(@leftskip) 57.8151
.@hbox(0.0+0.0)x0.0
.@texttt o
.@texttt c
.@texttt t
.etc.

[223] [224]
\openout1 = `octave.tmp'.

 (octave.tmp)
\openout1 = `octave.tmp'.

 (octave.tmp)
\openout1 = `octave.tmp'.

 (octave.tmp) [225] [226]
\openout1 = `octave.tmp'.

 (octave.tmp)
[227] [228] [229] [230] [231]
\openout1 = `octave.tmp'.

 (octave.tmp) [232]
\openout1 = `octave.tmp'.

 (octave.tmp)
\openout1 = `octave.tmp'.

 (octave.tmp)
[233]
Overfull \hbox (49.92732pt too wide) in paragraph at lines 1761--1761
 []@texttt is selected so that || nth(Plist,ii) - nth(Plist,ii-1) || < Ptol[] |


@hbox(7.60416+1.52081)x433.62
.@glue(@leftskip) 115.6313
.@hbox(0.0+0.0)x0.0
.@texttt i
.@texttt s
.@penalty 10000
.etc.

[234] [235] [236]
\openout1 = `octave.tmp'.

 (octave.tmp)
Underfull \hbox (badness 2495) in paragraph at lines 2064--2067
 []@textbf Note @texttt ctrb[] @textrm forms the con-trol-la-bil-ity ma-trix. T
he nu-mer-i-cal prop-er-ties of

@hbox(7.60416+2.12917)x433.62, glue set 2.9229
.@glue(@leftskip) 28.90755
.@hbox(0.0+0.0)x0.0
.@textbf N
.@textbf o
.@textbf t
.etc.

[237]
\openout1 = `octave.tmp'.

 (octave.tmp) [238]
\openout1 = `octave.tmp'.

 (octave.tmp)
\openout1 = `octave.tmp'.

 (octave.tmp) [239] [240]
\openout1 = `octave.tmp'.

 (octave.tmp)
\openout1 = `octave.tmp'.


(octave.tmp) [241] [242]
Underfull \hbox (badness 10000) in paragraph at lines 2496--2500
 @texttt "bi"[]@textrm Conversion is per-formed via bi-lin-ear trans-form

@hbox(7.60416+2.12917)x433.62, glue set 7.13998
.@glue(@leftskip) 144.53996
.@penalty 10000
.@kern -57.81621
.@texttt "
.@texttt b
.etc.

[243]
\openout1 = `octave.tmp'.

 (octave.tmp)
\openout1 = `octave.tmp'.

 (octave.tmp)
\openout1 = `octave.tmp'.

 (octave.tmp) [244]
Underfull \hbox (badness 3375) in paragraph at lines 2713--2716
 @textsl phase@textrm the mag-ni-tude and phase of the fre-quency re-sponse $@t
exti G@textrm (@texti jw@textrm )$ or

@hbox(8.2125+2.73749)x433.62, glue set 3.23422
.@glue(@leftskip) 86.72375
.@penalty 10000
.@kern -57.81621
.@textsl p
.@textsl h
.etc.

[245] [246] [247] [248] [249] [250] [251] [252] [253] [254]
\openout1 = `octave.tmp'.

 (octave.tmp)
[255] [256] [257] [258]) (signal.texi Chapter 29 [259] [260] [261] [262]
[263] [264] [265] [266]) (image.texi Chapter 30 [267] [268]
\openout1 = `octave.tmp'.

 (octave.tmp)
\openout1 = `octave.tmp'.


(octave.tmp) [269]
\openout1 = `octave.tmp'.

 (octave.tmp)
\openout1 = `octave.tmp'.

 (octave.tmp)
\openout1 = `octave.tmp'.

 (octave.tmp)
\openout1 = `octave.tmp'.

 (octave.tmp)
\openout1 = `octave.tmp'.


(octave.tmp)
\openout1 = `octave.tmp'.

 (octave.tmp)
\openout1 = `octave.tmp'.

 (octave.tmp) [270]) (audio.texi Chapter 31 [271]
[272]
\openout1 = `octave.tmp'.

 (octave.tmp)
\openout1 = `octave.tmp'.

 (octave.tmp)
\openout1 = `octave.tmp'.

 (octave.tmp)
\openout1 = `octave.tmp'.

 (octave.tmp) [273]
\openout1 = `octave.tmp'.

 (octave.tmp)
\openout1 = `octave.tmp'.


(octave.tmp)) (quaternion.texi Chapter 32 [274] [275]) (system.texi Chapter 33
[276] [277] [278] [279] [280]
\openout1 = `octave.tmp'.

 (octave.tmp) [281] [282] [283] [284] [285]
[286] [287] [288] [289] [290] [291] [292]) (tips.texi Appendix A [293] [294]
[295] [296] [297] [298]) (bugs.texi Appendix B [299] [300] [301] [302] [303]
[304]) (install.texi Appendix C [305] [306] [307] [308] [309] [310] [311])
(emacs.texi Appendix D [312] [313] [314] [315] [316] [317]
Underfull \hbox (badness 3019) in paragraph at lines 473--482
@textrm from any GNU Emacs Lisp Code Di-rec-tory archive, e.g. @texttt ftp://ft
p.cis.ohio-

@hbox(7.60416+2.43333)x433.62, glue set 3.11662
.@textrm f
.@textrm r
.@textrm o
.@textrm m
.@glue 3.65 plus 1.825 minus 1.21666
.etc.

[318]
Underfull \hbox (badness 2334) in paragraph at lines 500--503
[]@textrm If you use Oc-tave from within Emacs, these set-tings are best done i
n the

@hbox(7.60416+2.12917)x433.62, glue set 2.86018
.@hbox(0.0+0.0)x15.0
.@textrm I
.@textrm f
.@glue 3.65 plus 1.825 minus 1.21666
.@textrm y
.etc.


Underfull \hbox (badness 3895) in paragraph at lines 500--503
@textrm `@texttt ~/.emacs-octave[]@textrm '[] startup file (or the file pointed
 to by the Emacs vari-able

@hbox(8.2125+2.73749)x433.62, glue set 3.39246
.@textrm `
.@texttt ~
.@texttt /
.@texttt .
.@texttt e
.etc.

) (grammar.texi Appendix E [319] [320]) (gpl.texi Appendix F [321] [322]
[323] [324] [325] [326] [327]) (cp-idx.texi (Concept Index) [328] [329]
[330] (octave.cps [331] [332] [333])) (vr-idx.texi (Variable Index) [334]
(octave.vrs [335])) (fn-idx.texi (Function Index) [336] (octave.fns [337]
[338] [339] [340] [341] [342] [343] [344])) (op-idx.texi (Operator Index)
[345] [346] (octave.ops [347])) [348] ) 
Here is how much of TeX's memory you used:
 4503 strings out of 13013
 73222 string characters out of 97144
 76742 words of memory out of 263001
 5293 multiletter control sequences out of 10000+0
 30704 words of font info for 106 fonts, out of 400000 for 1000
 19 hyphenation exceptions out of 1000
 17i,16n,20p,229b,375s stack positions out of 300i,100n,500p,50000b,4000s

Output written on octave.dvi (358 pages, 1281612 bytes).
