This file contains any messages produced by compilers while
running configure, to aid debugging if configure makes a mistake.

It was created by configure, which was
generated by GNU Autoconf 2.57.  Invocation command line was

  $ ./configure --prefix=/usr/local --cache-file=/dev/null --srcdir=.

## --------- ##
## Platform. ##
## --------- ##

hostname = sodalord.mit.edu
uname -m = i686
uname -r = 2.4.20-28.9
uname -s = Linux
uname -v = #1 Thu Dec 18 13:45:22 EST 2003

/usr/bin/uname -p = unknown
/bin/uname -X     = unknown

/bin/arch              = i686
/usr/bin/arch -k       = unknown
/usr/convex/getsysinfo = unknown
hostinfo               = unknown
/bin/machine           = unknown
/usr/bin/oslevel       = unknown
/bin/universe          = unknown

PATH: /usr/athena/bin
PATH: /etc/athena
PATH: /usr/sbin
PATH: /sbin
PATH: /bin/athena
PATH: /usr/bin
PATH: /bin
PATH: /usr/athena/etc
PATH: /etc
PATH: /usr/X11R6/bin
PATH: /usr/local/bin/


## ----------- ##
## Core tests. ##
## ----------- ##

configure:1302: checking for gcc
configure:1328: result: gcc
configure:1572: checking for C compiler version
configure:1575: gcc --version </dev/null >&5
gcc (GCC) 3.2.2 20030222 (Red Hat Linux 3.2.2-5)
Copyright (C) 2002 Free Software Foundation, Inc.
This is free software; see the source for copying conditions.  There is NO
warranty; not even for MERCHANTABILITY or FITNESS FOR A PARTICULAR PURPOSE.

configure:1578: $? = 0
configure:1580: gcc -v </dev/null >&5
Reading specs from /usr/lib/gcc-lib/i386-redhat-linux/3.2.2/specs
Configured with: ../configure --prefix=/usr --mandir=/usr/share/man --infodir=/usr/share/info --enable-shared --enable-threads=posix --disable-checking --with-system-zlib --enable-__cxa_atexit --host=i386-redhat-linux
Thread model: posix
gcc version 3.2.2 20030222 (Red Hat Linux 3.2.2-5)
configure:1583: $? = 0
configure:1585: gcc -V </dev/null >&5
gcc: argument to `-V' is missing
configure:1588: $? = 1
configure:1612: checking for C compiler default output
configure:1615: gcc    conftest.c  >&5
configure:1618: $? = 0
configure:1664: result: a.out
configure:1669: checking whether the C compiler works
configure:1675: ./a.out
configure:1678: $? = 0
configure:1695: result: yes
configure:1702: checking whether we are cross compiling
configure:1704: result: no
configure:1707: checking for suffix of executables
configure:1709: gcc -o conftest    conftest.c  >&5
configure:1712: $? = 0
configure:1737: result: 
configure:1743: checking for suffix of object files
configure:1765: gcc -c   conftest.c >&5
configure:1768: $? = 0
configure:1790: result: o
configure:1794: checking whether we are using the GNU C compiler
configure:1819: gcc -c   conftest.c >&5
configure:1822: $? = 0
configure:1825: test -s conftest.o
configure:1828: $? = 0
configure:1841: result: yes
configure:1847: checking whether gcc accepts -g
configure:1869: gcc -c -g  conftest.c >&5
configure:1872: $? = 0
configure:1875: test -s conftest.o
configure:1878: $? = 0
configure:1889: result: yes
configure:1906: checking for gcc option to accept ANSI C
configure:1967: gcc  -c -g -O2  conftest.c >&5
configure:1970: $? = 0
configure:1973: test -s conftest.o
configure:1976: $? = 0
configure:1994: result: none needed
configure:2012: gcc -c -g -O2  conftest.c >&5
conftest.c:2: parse error before "me"
configure:2015: $? = 1
configure: failed program was:
| #ifndef __cplusplus
|   choke me
| #endif
configure:2125: checking for ar
configure:2141: found /usr/bin/ar
configure:2152: result: ar
configure:2200: checking for ranlib
configure:2216: found /usr/bin/ranlib
configure:2227: result: ranlib
configure:2244: checking how to run the C preprocessor
configure:2280: gcc -E  conftest.c
configure:2286: $? = 0
configure:2318: gcc -E  conftest.c
configure:2317:28: ac_nonexistent.h: No such file or directory
configure:2324: $? = 1
configure: failed program was:
| #line 2309 "configure"
| /* confdefs.h.  */
| 
| #define PACKAGE_NAME ""
| #define PACKAGE_TARNAME ""
| #define PACKAGE_VERSION ""
| #define PACKAGE_STRING ""
| #define PACKAGE_BUGREPORT ""
| /* end confdefs.h.  */
| #include <ac_nonexistent.h>
configure:2362: result: gcc -E
configure:2387: gcc -E  conftest.c
configure:2393: $? = 0
configure:2425: gcc -E  conftest.c
configure:2424:28: ac_nonexistent.h: No such file or directory
configure:2431: $? = 1
configure: failed program was:
| #line 2416 "configure"
| /* confdefs.h.  */
| 
| #define PACKAGE_NAME ""
| #define PACKAGE_TARNAME ""
| #define PACKAGE_VERSION ""
| #define PACKAGE_STRING ""
| #define PACKAGE_BUGREPORT ""
| /* end confdefs.h.  */
| #include <ac_nonexistent.h>
configure:2474: checking for egrep
configure:2484: result: grep -E
configure:2490: checking for AIX
configure:2513: result: no
configure:2519: checking for ANSI C header files
configure:2545: gcc -c -g -O2  conftest.c >&5
configure:2548: $? = 0
configure:2551: test -s conftest.o
configure:2554: $? = 0
configure:2643: gcc -o conftest -g -O2   conftest.c  >&5
configure:2646: $? = 0
configure:2648: ./conftest
configure:2651: $? = 0
configure:2666: result: yes
configure:2690: checking for sys/types.h
configure:2707: gcc -c -g -O2  conftest.c >&5
configure:2710: $? = 0
configure:2713: test -s conftest.o
configure:2716: $? = 0
configure:2727: result: yes
configure:2690: checking for sys/stat.h
configure:2707: gcc -c -g -O2  conftest.c >&5
configure:2710: $? = 0
configure:2713: test -s conftest.o
configure:2716: $? = 0
configure:2727: result: yes
configure:2690: checking for stdlib.h
configure:2707: gcc -c -g -O2  conftest.c >&5
configure:2710: $? = 0
configure:2713: test -s conftest.o
configure:2716: $? = 0
configure:2727: result: yes
configure:2690: checking for string.h
configure:2707: gcc -c -g -O2  conftest.c >&5
configure:2710: $? = 0
configure:2713: test -s conftest.o
configure:2716: $? = 0
configure:2727: result: yes
configure:2690: checking for memory.h
configure:2707: gcc -c -g -O2  conftest.c >&5
configure:2710: $? = 0
configure:2713: test -s conftest.o
configure:2716: $? = 0
configure:2727: result: yes
configure:2690: checking for strings.h
configure:2707: gcc -c -g -O2  conftest.c >&5
configure:2710: $? = 0
configure:2713: test -s conftest.o
configure:2716: $? = 0
configure:2727: result: yes
configure:2690: checking for inttypes.h
configure:2707: gcc -c -g -O2  conftest.c >&5
configure:2710: $? = 0
configure:2713: test -s conftest.o
configure:2716: $? = 0
configure:2727: result: yes
configure:2690: checking for stdint.h
configure:2707: gcc -c -g -O2  conftest.c >&5
configure:2710: $? = 0
configure:2713: test -s conftest.o
configure:2716: $? = 0
configure:2727: result: yes
configure:2690: checking for unistd.h
configure:2707: gcc -c -g -O2  conftest.c >&5
configure:2710: $? = 0
configure:2713: test -s conftest.o
configure:2716: $? = 0
configure:2727: result: yes
configure:2749: checking minix/config.h usability
configure:2762: gcc -c -g -O2  conftest.c >&5
configure:2803:26: minix/config.h: No such file or directory
configure:2765: $? = 1
configure: failed program was:
| #line 2751 "configure"
| /* confdefs.h.  */
| 
| #define PACKAGE_NAME ""
| #define PACKAGE_TARNAME ""
| #define PACKAGE_VERSION ""
| #define PACKAGE_STRING ""
| #define PACKAGE_BUGREPORT ""
| #define STDC_HEADERS 1
| #define HAVE_SYS_TYPES_H 1
| #define HAVE_SYS_STAT_H 1
| #define HAVE_STDLIB_H 1
| #define HAVE_STRING_H 1
| #define HAVE_MEMORY_H 1
| #define HAVE_STRINGS_H 1
| #define HAVE_INTTYPES_H 1
| #define HAVE_STDINT_H 1
| #define HAVE_UNISTD_H 1
| /* end confdefs.h.  */
| #include <stdio.h>
| #if HAVE_SYS_TYPES_H
| # include <sys/types.h>
| #endif
| #if HAVE_SYS_STAT_H
| # include <sys/stat.h>
| #endif
| #if STDC_HEADERS
| # include <stdlib.h>
| # include <stddef.h>
| #else
| # if HAVE_STDLIB_H
| #  include <stdlib.h>
| # endif
| #endif
| #if HAVE_STRING_H
| # if !STDC_HEADERS && HAVE_MEMORY_H
| #  include <memory.h>
| # endif
| # include <string.h>
| #endif
| #if HAVE_STRINGS_H
| # include <strings.h>
| #endif
| #if HAVE_INTTYPES_H
| # include <inttypes.h>
| #else
| # if HAVE_STDINT_H
| #  include <stdint.h>
| # endif
| #endif
| #if HAVE_UNISTD_H
| # include <unistd.h>
| #endif
| #include <minix/config.h>
configure:2781: result: no
configure:2785: checking minix/config.h presence
configure:2796: gcc -E  conftest.c
configure:2805:26: minix/config.h: No such file or directory
configure:2802: $? = 1
configure: failed program was:
| #line 2787 "configure"
| /* confdefs.h.  */
| 
| #define PACKAGE_NAME ""
| #define PACKAGE_TARNAME ""
| #define PACKAGE_VERSION ""
| #define PACKAGE_STRING ""
| #define PACKAGE_BUGREPORT ""
| #define STDC_HEADERS 1
| #define HAVE_SYS_TYPES_H 1
| #define HAVE_SYS_STAT_H 1
| #define HAVE_STDLIB_H 1
| #define HAVE_STRING_H 1
| #define HAVE_MEMORY_H 1
| #define HAVE_STRINGS_H 1
| #define HAVE_INTTYPES_H 1
| #define HAVE_STDINT_H 1
| #define HAVE_UNISTD_H 1
| /* end confdefs.h.  */
| #include <minix/config.h>
configure:2821: result: no
configure:2857: checking for minix/config.h
configure:2864: result: no
configure:2893: checking for library containing strerror
configure:2924: gcc -o conftest -g -O2   conftest.c  >&5
configure:2927: $? = 0
configure:2930: test -s conftest
configure:2933: $? = 0
configure:2992: result: none required
configure:2999: checking for an ANSI C-conforming const
configure:3067: gcc -c -g -O2  conftest.c >&5
configure:3070: $? = 0
configure:3073: test -s conftest.o
configure:3076: $? = 0
configure:3087: result: yes
configure:3097: checking for ANSI C header files
configure:3244: result: yes
configure:3261: checking for memory.h
configure:3266: result: yes
configure:3261: checking for unistd.h
configure:3266: result: yes
configure:3261: checking for string.h
configure:3266: result: yes
configure:3406: checking for dirent.h that defines DIR
configure:3431: gcc -c -g -O2  conftest.c >&5
configure:3434: $? = 0
configure:3437: test -s conftest.o
configure:3440: $? = 0
configure:3451: result: yes
configure:3464: checking for library containing opendir
configure:3495: gcc -o conftest -g -O2   conftest.c  >&5
configure:3498: $? = 0
configure:3501: test -s conftest
configure:3504: $? = 0
configure:3563: result: none required
configure:3679: checking whether closedir returns void
configure:3709: gcc -o conftest -g -O2   conftest.c  >&5
configure:3712: $? = 0
configure:3714: ./conftest
configure:3717: $? = 0
configure:3731: result: no
configure:3743: checking for working alloca.h
configure:3765: gcc -o conftest -g -O2   conftest.c  >&5
configure:3768: $? = 0
configure:3771: test -s conftest
configure:3774: $? = 0
configure:3785: result: yes
configure:3795: checking for alloca
configure:3837: gcc -o conftest -g -O2   conftest.c  >&5
configure:3840: $? = 0
configure:3843: test -s conftest
configure:3846: $? = 0
configure:3857: result: yes
configure:4064: checking for working strcoll
configure:4091: gcc -o conftest -g -O2   conftest.c  >&5
configure:4094: $? = 0
configure:4096: ./conftest
configure:4099: $? = 0
configure:4113: result: yes
configure:4222: creating ./config.status

## ---------------------- ##
## Running config.status. ##
## ---------------------- ##

This file was extended by config.status, which was
generated by GNU Autoconf 2.57.  Invocation command line was

  CONFIG_FILES    = 
  CONFIG_HEADERS  = 
  CONFIG_LINKS    = 
  CONFIG_COMMANDS = 
  $ ./config.status 

on sodalord.mit.edu

config.status:611: creating Makefile
config.status:714: creating config.h

## ---------------- ##
## Cache variables. ##
## ---------------- ##

ac_cv_c_compiler_gnu=yes
ac_cv_c_const=yes
ac_cv_env_CC_set=set
ac_cv_env_CC_value=gcc
ac_cv_env_CFLAGS_set=
ac_cv_env_CFLAGS_value=
ac_cv_env_CPPFLAGS_set=
ac_cv_env_CPPFLAGS_value=
ac_cv_env_CPP_set=
ac_cv_env_CPP_value=
ac_cv_env_LDFLAGS_set=
ac_cv_env_LDFLAGS_value=
ac_cv_env_build_alias_set=
ac_cv_env_build_alias_value=
ac_cv_env_host_alias_set=
ac_cv_env_host_alias_value=
ac_cv_env_target_alias_set=
ac_cv_env_target_alias_value=
ac_cv_exeext=
ac_cv_func_alloca_works=yes
ac_cv_func_closedir_void=no
ac_cv_func_strcoll_works=yes
ac_cv_header_dirent_dirent_h=yes
ac_cv_header_inttypes_h=yes
ac_cv_header_memory_h=yes
ac_cv_header_minix_config_h=no
ac_cv_header_stdc=yes
ac_cv_header_stdint_h=yes
ac_cv_header_stdlib_h=yes
ac_cv_header_string_h=yes
ac_cv_header_strings_h=yes
ac_cv_header_sys_stat_h=yes
ac_cv_header_sys_types_h=yes
ac_cv_header_unistd_h=yes
ac_cv_objext=o
ac_cv_prog_AR=ar
ac_cv_prog_CPP='gcc -E'
ac_cv_prog_ac_ct_CC=gcc
ac_cv_prog_ac_ct_RANLIB=ranlib
ac_cv_prog_cc_g=yes
ac_cv_prog_cc_stdc=
ac_cv_prog_egrep='grep -E'
ac_cv_search_opendir='none required'
ac_cv_search_strerror='none required'
ac_cv_working_alloca_h=yes

## ----------------- ##
## Output variables. ##
## ----------------- ##

ALLOCA=''
AR='ar'
CC='gcc'
CFLAGS='-g -O2'
CPP='gcc -E'
CPPFLAGS=''
DEFS='-DHAVE_CONFIG_H'
ECHO_C=''
ECHO_N='-n'
ECHO_T=''
EGREP='grep -E'
EXEEXT=''
LDFLAGS=''
LIBOBJS=''
LIBS=''
LTLIBOBJS=''
OBJEXT='o'
PACKAGE_BUGREPORT=''
PACKAGE_NAME=''
PACKAGE_STRING=''
PACKAGE_TARNAME=''
PACKAGE_VERSION=''
PATH_SEPARATOR=':'
RANLIB='ranlib'
SHELL='/bin/sh'
ac_ct_CC='gcc'
ac_ct_RANLIB='ranlib'
bindir='${exec_prefix}/bin'
build_alias=''
datadir='${prefix}/share'
exec_prefix='${prefix}'
host_alias=''
includedir='${prefix}/include'
infodir='${prefix}/info'
libdir='${exec_prefix}/lib'
libexecdir='${exec_prefix}/libexec'
localstatedir='${prefix}/var'
mandir='${prefix}/man'
oldincludedir='/usr/include'
prefix='/usr/local'
program_transform_name='s,x,x,'
sbindir='${exec_prefix}/sbin'
sharedstatedir='${prefix}/com'
sysconfdir='${prefix}/etc'
target_alias=''

## ----------- ##
## confdefs.h. ##
## ----------- ##

#define HAVE_ALLOCA 1
#define HAVE_ALLOCA_H 1
#define HAVE_DIRENT_H 1
#define HAVE_INTTYPES_H 1
#define HAVE_MEMORY_H 1
#define HAVE_MEMORY_H 1
#define HAVE_STDINT_H 1
#define HAVE_STDLIB_H 1
#define HAVE_STRCOLL 1
#define HAVE_STRINGS_H 1
#define HAVE_STRING_H 1
#define HAVE_STRING_H 1
#define HAVE_SYS_STAT_H 1
#define HAVE_SYS_TYPES_H 1
#define HAVE_UNISTD_H 1
#define HAVE_UNISTD_H 1
#define PACKAGE_BUGREPORT ""
#define PACKAGE_NAME ""
#define PACKAGE_STRING ""
#define PACKAGE_TARNAME ""
#define PACKAGE_VERSION ""
#define STDC_HEADERS 1
#define STDC_HEADERS 1

configure: exit 0
