This file contains any messages produced by compilers while
running configure, to aid debugging if configure makes a mistake.

It was created by configure, which was
generated by GNU Autoconf 2.53.  Invocation command line was

  $ ./configure --prefix=/usr/local --cache-file=/dev/null --srcdir=.

## --------- ##
## Platform. ##
## --------- ##

hostname = sodalord.mit.edu
uname -m = i686
uname -r = 2.4.18-5
uname -s = Linux
uname -v = #1 Mon Jun 10 15:31:48 EDT 2002

/usr/bin/uname -p = unknown
/bin/uname -X     = unknown

/bin/arch              = i686
/usr/bin/arch -k       = unknown
/usr/convex/getsysinfo = unknown
hostinfo               = unknown
/bin/machine           = unknown
/usr/bin/oslevel       = unknown
/bin/universe          = unknown

PATH: /usr/athena/bin
PATH: /etc/athena
PATH: /usr/sbin
PATH: /sbin
PATH: /bin/athena
PATH: /usr/bin
PATH: /bin
PATH: /usr/athena/etc
PATH: /etc
PATH: /usr/X11R6/bin


## ----------- ##
## Core tests. ##
## ----------- ##

configure:1227: checking for gcc
configure:1253: result: gcc
configure:1497: checking for C compiler version
configure:1500: gcc --version </dev/null >&5
2.96
configure:1503: $? = 0
configure:1505: gcc -v </dev/null >&5
Reading specs from /usr/lib/gcc-lib/i386-redhat-linux/2.96/specs
gcc version 2.96 20000731 (Red Hat Linux 7.3 2.96-110)
configure:1508: $? = 0
configure:1510: gcc -V </dev/null >&5
gcc: argument to `-V' is missing
configure:1513: $? = 1
configure:1539: checking for C compiler default output
configure:1542: gcc    conftest.c  >&5
configure:1545: $? = 0
configure:1578: result: a.out
configure:1583: checking whether the C compiler works
configure:1589: ./a.out
configure:1592: $? = 0
configure:1607: result: yes
configure:1614: checking whether we are cross compiling
configure:1616: result: no
configure:1619: checking for suffix of executables
configure:1621: gcc -o conftest    conftest.c  >&5
configure:1624: $? = 0
configure:1646: result: 
configure:1652: checking for suffix of object files
configure:1676: gcc -c   conftest.c >&5
configure:1679: $? = 0
configure:1698: result: o
configure:1702: checking whether we are using the GNU C compiler
configure:1729: gcc -c   conftest.c >&5
configure:1732: $? = 0
configure:1735: test -s conftest.o
configure:1738: $? = 0
configure:1750: result: yes
configure:1756: checking whether gcc accepts -g
configure:1780: gcc -c -g  conftest.c >&5
configure:1783: $? = 0
configure:1786: test -s conftest.o
configure:1789: $? = 0
configure:1799: result: yes
configure:1826: gcc -c -g -O2  conftest.c >&5
conftest.c:2: parse error before `me'
configure:1829: $? = 1
configure: failed program was:
#ifndef __cplusplus
  choke me
#endif
configure:1941: checking for ar
configure:1957: found /usr/bin/ar
configure:1968: result: ar
configure:2016: checking for ranlib
configure:2032: found /usr/bin/ranlib
configure:2043: result: ranlib
configure:2060: checking how to run the C preprocessor
configure:2086: gcc -E  conftest.c
configure:2092: $? = 0
configure:2119: gcc -E  conftest.c
configure:2115:28: ac_nonexistent.h: No such file or directory
configure:2125: $? = 1
configure: failed program was:
#line 2114 "configure"
#include "confdefs.h"
#include <ac_nonexistent.h>
configure:2162: result: gcc -E
configure:2177: gcc -E  conftest.c
configure:2183: $? = 0
configure:2210: gcc -E  conftest.c
configure:2206:28: ac_nonexistent.h: No such file or directory
configure:2216: $? = 1
configure: failed program was:
#line 2205 "configure"
#include "confdefs.h"
#include <ac_nonexistent.h>
configure:2257: checking for AIX
configure:2276: result: no
configure:2282: checking for ANSI C header files
configure:2296: gcc -E  conftest.c
configure:2302: $? = 0
configure:2387: gcc -o conftest -g -O2   conftest.c  >&5
configure:2390: $? = 0
configure:2392: ./conftest
configure:2395: $? = 0
configure:2409: result: yes
configure:2433: checking for sys/types.h
configure:2446: gcc -c -g -O2  conftest.c >&5
configure:2449: $? = 0
configure:2452: test -s conftest.o
configure:2455: $? = 0
configure:2465: result: yes
configure:2433: checking for sys/stat.h
configure:2446: gcc -c -g -O2  conftest.c >&5
configure:2449: $? = 0
configure:2452: test -s conftest.o
configure:2455: $? = 0
configure:2465: result: yes
configure:2433: checking for stdlib.h
configure:2446: gcc -c -g -O2  conftest.c >&5
configure:2449: $? = 0
configure:2452: test -s conftest.o
configure:2455: $? = 0
configure:2465: result: yes
configure:2433: checking for string.h
configure:2446: gcc -c -g -O2  conftest.c >&5
configure:2449: $? = 0
configure:2452: test -s conftest.o
configure:2455: $? = 0
configure:2465: result: yes
configure:2433: checking for memory.h
configure:2446: gcc -c -g -O2  conftest.c >&5
configure:2449: $? = 0
configure:2452: test -s conftest.o
configure:2455: $? = 0
configure:2465: result: yes
configure:2433: checking for strings.h
configure:2446: gcc -c -g -O2  conftest.c >&5
configure:2449: $? = 0
configure:2452: test -s conftest.o
configure:2455: $? = 0
configure:2465: result: yes
configure:2433: checking for inttypes.h
configure:2446: gcc -c -g -O2  conftest.c >&5
configure:2449: $? = 0
configure:2452: test -s conftest.o
configure:2455: $? = 0
configure:2465: result: yes
configure:2433: checking for stdint.h
configure:2446: gcc -c -g -O2  conftest.c >&5
configure:2449: $? = 0
configure:2452: test -s conftest.o
configure:2455: $? = 0
configure:2465: result: yes
configure:2433: checking for unistd.h
configure:2446: gcc -c -g -O2  conftest.c >&5
configure:2449: $? = 0
configure:2452: test -s conftest.o
configure:2455: $? = 0
configure:2465: result: yes
configure:2487: checking minix/config.h usability
configure:2496: gcc -c -g -O2  conftest.c >&5
configure:2524:26: minix/config.h: No such file or directory
configure:2499: $? = 1
configure: failed program was:
#line 2489 "configure"
#include "confdefs.h"
#include <stdio.h>
#if HAVE_SYS_TYPES_H
# include <sys/types.h>
#endif
#if HAVE_SYS_STAT_H
# include <sys/stat.h>
#endif
#if STDC_HEADERS
# include <stdlib.h>
# include <stddef.h>
#else
# if HAVE_STDLIB_H
#  include <stdlib.h>
# endif
#endif
#if HAVE_STRING_H
# if !STDC_HEADERS && HAVE_MEMORY_H
#  include <memory.h>
# endif
# include <string.h>
#endif
#if HAVE_STRINGS_H
# include <strings.h>
#endif
#if HAVE_INTTYPES_H
# include <inttypes.h>
#else
# if HAVE_STDINT_H
#  include <stdint.h>
# endif
#endif
#if HAVE_UNISTD_H
# include <unistd.h>
#endif
#include <minix/config.h>
configure:2514: result: no
configure:2518: checking minix/config.h presence
configure:2525: gcc -E  conftest.c
configure:2521:26: minix/config.h: No such file or directory
configure:2531: $? = 1
configure: failed program was:
#line 2520 "configure"
#include "confdefs.h"
#include <minix/config.h>
configure:2549: result: no
configure:2567: checking for minix/config.h
configure:2574: result: no
configure:2603: checking for library containing strerror
configure:2636: gcc -o conftest -g -O2   conftest.c  >&5
configure:2639: $? = 0
configure:2642: test -s conftest
configure:2645: $? = 0
configure:2704: result: none required
configure:2711: checking for gcc option to accept ANSI C
configure:2774: gcc  -c -g -O2  conftest.c >&5
configure:2777: $? = 0
configure:2780: test -s conftest.o
configure:2783: $? = 0
configure:2800: result: none needed
configure:2808: checking for an ANSI C-conforming const
configure:2878: gcc -c -g -O2  conftest.c >&5
configure:2881: $? = 0
configure:2884: test -s conftest.o
configure:2887: $? = 0
configure:2897: result: yes
configure:2907: checking for ANSI C header files
configure:3034: result: yes
configure:3051: checking for memory.h
configure:3056: result: yes
configure:3051: checking for unistd.h
configure:3056: result: yes
configure:3051: checking for string.h
configure:3056: result: yes
configure:3168: checking for dirent.h that defines DIR
configure:3195: gcc -c -g -O2  conftest.c >&5
configure:3198: $? = 0
configure:3201: test -s conftest.o
configure:3204: $? = 0
configure:3214: result: yes
configure:3227: checking for library containing opendir
configure:3260: gcc -o conftest -g -O2   conftest.c  >&5
configure:3263: $? = 0
configure:3266: test -s conftest
configure:3269: $? = 0
configure:3328: result: none required
configure:3446: checking whether closedir returns void
configure:3478: gcc -o conftest -g -O2   conftest.c  >&5
configure:3481: $? = 0
configure:3483: ./conftest
configure:3486: $? = 0
configure:3499: result: no
configure:3511: checking for working alloca.h
configure:3535: gcc -o conftest -g -O2   conftest.c  >&5
configure:3538: $? = 0
configure:3541: test -s conftest
configure:3544: $? = 0
configure:3554: result: yes
configure:3564: checking for alloca
configure:3608: gcc -o conftest -g -O2   conftest.c  >&5
configure:3611: $? = 0
configure:3614: test -s conftest
configure:3617: $? = 0
configure:3627: result: yes
configure:3817: checking for working strcoll
configure:3846: gcc -o conftest -g -O2   conftest.c  >&5
configure:3849: $? = 0
configure:3851: ./conftest
configure:3854: $? = 0
configure:3867: result: yes
configure:3959: creating ./config.status

## ---------------------- ##
## Running config.status. ##
## ---------------------- ##

This file was extended by config.status, which was
generated by GNU Autoconf 2.53.  Invocation command line was

  CONFIG_FILES    = 
  CONFIG_HEADERS  = 
  CONFIG_LINKS    = 
  CONFIG_COMMANDS = 
  $ ./config.status 

on sodalord.mit.edu

config.status:562: creating Makefile
config.status:665: creating config.h

## ---------------- ##
## Cache variables. ##
## ---------------- ##

ac_cv_c_compiler_gnu=yes
ac_cv_c_const=yes
ac_cv_env_CC_set=set
ac_cv_env_CC_value=gcc
ac_cv_env_CFLAGS_set=
ac_cv_env_CFLAGS_value=
ac_cv_env_CPPFLAGS_set=
ac_cv_env_CPPFLAGS_value=
ac_cv_env_CPP_set=
ac_cv_env_CPP_value=
ac_cv_env_LDFLAGS_set=
ac_cv_env_LDFLAGS_value=
ac_cv_env_build_alias_set=
ac_cv_env_build_alias_value=
ac_cv_env_host_alias_set=
ac_cv_env_host_alias_value=
ac_cv_env_target_alias_set=
ac_cv_env_target_alias_value=
ac_cv_exeext=
ac_cv_func_alloca_works=yes
ac_cv_func_closedir_void=no
ac_cv_func_strcoll_works=yes
ac_cv_header_dirent_dirent_h=yes
ac_cv_header_inttypes_h=yes
ac_cv_header_memory_h=yes
ac_cv_header_minix_config_h=no
ac_cv_header_stdc=yes
ac_cv_header_stdint_h=yes
ac_cv_header_stdlib_h=yes
ac_cv_header_string_h=yes
ac_cv_header_strings_h=yes
ac_cv_header_sys_stat_h=yes
ac_cv_header_sys_types_h=yes
ac_cv_header_unistd_h=yes
ac_cv_objext=o
ac_cv_prog_AR=ar
ac_cv_prog_CPP='gcc -E'
ac_cv_prog_ac_ct_CC=gcc
ac_cv_prog_ac_ct_RANLIB=ranlib
ac_cv_prog_cc_g=yes
ac_cv_prog_cc_stdc=
ac_cv_search_opendir='none required'
ac_cv_search_strerror='none required'
ac_cv_working_alloca_h=yes

## ----------- ##
## confdefs.h. ##
## ----------- ##

#define PACKAGE_NAME ""
#define PACKAGE_TARNAME ""
#define PACKAGE_VERSION ""
#define PACKAGE_STRING ""
#define PACKAGE_BUGREPORT ""
#define STDC_HEADERS 1
#define HAVE_SYS_TYPES_H 1
#define HAVE_SYS_STAT_H 1
#define HAVE_STDLIB_H 1
#define HAVE_STRING_H 1
#define HAVE_MEMORY_H 1
#define HAVE_STRINGS_H 1
#define HAVE_INTTYPES_H 1
#define HAVE_STDINT_H 1
#define HAVE_UNISTD_H 1
#define STDC_HEADERS 1
#define HAVE_MEMORY_H 1
#define HAVE_UNISTD_H 1
#define HAVE_STRING_H 1
#define HAVE_DIRENT_H 1
#define HAVE_ALLOCA_H 1
#define HAVE_ALLOCA 1
#define HAVE_STRCOLL 1

configure: exit 0
