This file contains any messages produced by compilers while
running configure, to aid debugging if configure makes a mistake.

It was created by configure, which was
generated by GNU Autoconf 2.53.  Invocation command line was

  $ ./configure --prefix=/usr/local --cache-file=/dev/null --srcdir=.

## --------- ##
## Platform. ##
## --------- ##

hostname = sodalord.mit.edu
uname -m = i686
uname -r = 2.4.18-5
uname -s = Linux
uname -v = #1 Mon Jun 10 15:31:48 EDT 2002

/usr/bin/uname -p = unknown
/bin/uname -X     = unknown

/bin/arch              = i686
/usr/bin/arch -k       = unknown
/usr/convex/getsysinfo = unknown
hostinfo               = unknown
/bin/machine           = unknown
/usr/bin/oslevel       = unknown
/bin/universe          = unknown

PATH: /usr/athena/bin
PATH: /etc/athena
PATH: /usr/sbin
PATH: /sbin
PATH: /bin/athena
PATH: /usr/bin
PATH: /bin
PATH: /usr/athena/etc
PATH: /etc
PATH: /usr/X11R6/bin


## ----------- ##
## Core tests. ##
## ----------- ##

configure:1152: checking for a BSD-compatible install
configure:1206: result: /usr/bin/install -c
configure:1331: creating ./config.status

## ---------------------- ##
## Running config.status. ##
## ---------------------- ##

This file was extended by config.status, which was
generated by GNU Autoconf 2.53.  Invocation command line was

  CONFIG_FILES    = 
  CONFIG_HEADERS  = 
  CONFIG_LINKS    = 
  CONFIG_COMMANDS = 
  $ ./config.status 

on sodalord.mit.edu

config.status:579: creating Makefile
config.status:579: creating audio/Makefile
config.status:579: creating control/Makefile
config.status:579: creating control/base/Makefile
config.status:579: creating control/hinf/Makefile
config.status:579: creating control/obsolete/Makefile
config.status:579: creating control/system/Makefile
config.status:579: creating control/util/Makefile
config.status:579: creating elfun/Makefile
config.status:579: creating finance/Makefile
config.status:579: creating general/Makefile
config.status:579: creating image/Makefile
config.status:579: creating io/Makefile
config.status:579: creating linear-algebra/Makefile
config.status:579: creating miscellaneous/Makefile
config.status:579: creating plot/Makefile
config.status:579: creating polynomial/Makefile
config.status:579: creating quaternion/Makefile
config.status:579: creating set/Makefile
config.status:579: creating signal/Makefile
config.status:579: creating specfun/Makefile
config.status:579: creating special-matrix/Makefile
config.status:579: creating startup/Makefile
config.status:579: creating statistics/Makefile
config.status:579: creating statistics/base/Makefile
config.status:579: creating statistics/distributions/Makefile
config.status:579: creating statistics/models/Makefile
config.status:579: creating statistics/tests/Makefile
config.status:579: creating strings/Makefile
config.status:579: creating time/Makefile

## ---------------- ##
## Cache variables. ##
## ---------------- ##

ac_cv_env_build_alias_set=
ac_cv_env_build_alias_value=
ac_cv_env_host_alias_set=
ac_cv_env_host_alias_value=
ac_cv_env_target_alias_set=
ac_cv_env_target_alias_value=
ac_cv_path_install='/usr/bin/install -c'

## ----------- ##
## confdefs.h. ##
## ----------- ##

#define PACKAGE_NAME ""
#define PACKAGE_TARNAME ""
#define PACKAGE_VERSION ""
#define PACKAGE_STRING ""
#define PACKAGE_BUGREPORT ""

configure: exit 0
