This is TeX, Version 3.14159 (Web2C 7.4.5) (format=tex 2003.10.4)  15 MAR 2004 03:19
**/tmp/12074/octave.texi
(/tmp/12074/octave.texi (./../texinfo.tex
Loading texinfo [version 1999-09-25.10]: Basics,
\bindingoffset=\dimen16
\normaloffset=\dimen17
\pagewidth=\dimen18
\pageheight=\dimen19
\outerhsize=\dimen20
\outervsize=\dimen21
\cornerlong=\dimen22
\cornerthick=\dimen23
\topandbottommargin=\dimen24
\headlinebox=\box16
\footlinebox=\box17
\margin=\insert252
\EMsimple=\toks12
\singlespaceskip=\skip18
\groupinvalidhelp=\toks13
\mil=\dimen25
\exdentamount=\skip19
\inmarginspacing=\skip20
 pdf,
\tempnum=\count26
\lnkcount=\count27
\filename=\toks14
\filenamelength=\count28
\pgn=\count29
\toksA=\toks15
\toksB=\toks16
\toksC=\toks17
\toksD=\toks18
\boxA=\box18
\countA=\count30
 fonts,
\sffam=\fam8
\mainmagstep=\count31
\fontdepth=\count32
 page headings,
\titlepagetopglue=\skip21
\titlepagebottomglue=\skip22
\evenheadline=\toks19
\oddheadline=\toks20
\evenfootline=\toks21
\oddfootline=\toks22

tables,
\tableindent=\dimen26
\itemindent=\dimen27
\itemmargin=\dimen28
\itemmax=\dimen29
\itemno=\count33
\multitableparskip=\skip23
\multitableparindent=\skip24
\multitablecolspace=\dimen30
\multitablelinespace=\skip25
\colcount=\count34
 conditionals, indexing,
\secondaryindent=\skip26
\partialpage=\box19
\doublecolumnhsize=\dimen31
 sectioning,
\chapno=\count35
\secno=\count36
\subsecno=\count37
\subsubsecno=\count38
\appendixno=\count39
\absseclevel=\count40
\secbase=\count41
\chapheadingskip=\skip27
\secheadingskip=\skip28
\subsecheadingskip=\skip29
 toc,
\tocfile=\write0
\contentsrightmargin=\skip30
\savepageno=\count42
\lastnegativepageno=\count43
\shortappendixwidth=\dimen32
\tocindent=\dimen33
 environments,
\dblarrowbox=\box20
\longdblarrowbox=\box21
\pushcharbox=\box22
\bullbox=\box23
\equivbox=\box24
\errorbox=\box25
\lispnarrowing=\skip31
\envskipamount=\skip32
\circthick=\dimen34
\cartouter=\dimen35
\cartinner=\dimen36
\normbskip=\skip33
\normpskip=\skip34
\normlskip=\skip35
\lskip=\skip36
\rskip=\skip37
 defuns,
\defbodyindent=\skip38
\defargsindent=\skip39
\deftypemargin=\skip40
\deflastargmargin=\skip41
\parencount=\count44
 macros,
\macscribble=\write1
\paramno=\count45
\macname=\toks23

cross references,
\auxfile=\write2
\savesfregister=\count46
\footnoteno=\count47
 (/usr/athena/share/texmf/tex/generic/misc/epsf.tex
\epsffilein=\read0
\epsfframemargin=\dimen37
\epsfframethickness=\dimen38
\epsfrsize=\dimen39
\epsftmp=\dimen40
\epsftsize=\dimen41
\epsfxsize=\dimen42
\epsfysize=\dimen43
\pspoints=\dimen44
\epsfnoopenhelp=\toks24
)
\noepsfhelp=\toks25

localization,
\nolanghelp=\toks26
\defaultparindent=\dimen45
 and turning on texinfo input format.) (./octave.aux)
@cpindfile=@write3
@fnindfile=@write4
@vrindfile=@write5
@tpindfile=@write6
@kyindfile=@write7
@pgindfile=@write8
@opindfile=@write9
 [1
\openout2 = `octave.aux'.

\openout3 = `octave.cp'.

\openout4 = `octave.fn'.

\openout5 = `octave.vr'.

\openout6 = `octave.tp'.

\openout7 = `octave.ky'.

\openout8 = `octave.pg'.

\openout9 = `octave.op'.

] [2]
(./octave.toc [-1] [-2] [-3] [-4] [-5] [-6]) [-7] [-8] (Preface)
\openout0 = `octave.toc'.

 [1] [2]
[3] Chapter 1 [4] [5] [6] [7] [8] [9] [10] Chapter 2 [11] [12] [13] [14]
[15] [16] [17] [18] [19] [20] [21] [22] [23] [24] [25] [26] Chapter 3 [27]
[28] [29] [30] Chapter 4 [31] [32] [33] [34] [35] [36] [37] Chapter 5 [38]
[39] [40] [41] [42] [43] [44] [45] Chapter 6 [46] [47] [48] Chapter 7 [49]
[50] [51] Chapter 8 [52] Chapter 9 [53] [54] [55] [56] [57] [58] [59] [60]
[61] [62] [63] Chapter 10 [64] [65] [66] [67] [68] [69] [70] [71] [72] [73]
[74] [75] Chapter 11 [76] [77] Chapter 12 [78] [79] [80] [81] [82] [83]
[84] [85] [86] [87] [88] Chapter 13 [89] [90] [91] [92] [93] [94] [95] [96]
[97] [98] [99] [100] [101] [102] Chapter 14 [103] [104] [105] Chapter 15
[106] Chapter 16 [107] [108] [109] [110] [111] [112] [113] [114] [115] [116]
[117] [118] [119] [120] [121]
Underfull \hbox (badness 2418) in paragraph at lines 9597--9600
 @textrm `@texttt %f[]@textrm '[]Print a floating-point num-ber in nor-mal (fix
ed-point) no-ta-tion. See

@hbox(8.2125+2.73749)x433.62, glue set 2.89531
.@glue(@leftskip) 57.81621
.@penalty 10000
.@kern -57.81621
.@textrm `
.@texttt %
.etc.

[122] [123] [124] [125] [126] [127] [128] [129] [130] Chapter 17 [131] [132]
[133] [134] [135] [136] [137] [138] [139] [140] [141] [142] [143] [144]
Chapter 18 [145] [146] [147] [148] [149] [150] [151] [152] [153] [154] [155]
Chapter 19 [156] [157] [158] [159] [160] [161] [162] [163] [164] [165] [166]
[167] Chapter 20 [168]
Underfull \hbox (badness 3965) in paragraph at lines 13733--13738
 []@texttt [cc, dd, aa, bb] = balance (a, b)[] @textrm re-turns @texttt aa = cc
*a*dd[] @textrm and @texttt bb = cc*b*dd)[]@textrm ,

@hbox(7.60416+2.12917)x433.62, glue set 3.4113
.@glue(@leftskip) 28.90755
.@hbox(0.0+0.0)x0.0
.@texttt [
.@texttt c
.@texttt c
.etc.

[169] [170] [171] [172]
Overfull \hbox (31.03839pt too wide) in paragraph at lines 14151--14151
 []|        @texttt AA = Q'*A*Z, BB = Q'*B*Z  with Q, Z orthogonal (unitary)= I
[] |

@hbox(8.8541+3.64589)x433.62
.@glue(@leftskip) 79.4963
.@hbox(0.0+0.0)x0.0
.@rule(8.8541+3.64589)x0.0
.@penalty 10000
.@glue 5.74869
.etc.

[173] [174] [175] [176] Chapter 21 [177] [178] [179] Chapter 22 [180] [181]
Chapter 23 [182] [183]
Overfull \hbox (15.4352pt too wide) in paragraph at lines 15196--15196
 []  @texttt abs (local error in x(i)) <= rtol * abs (y(i)) + atol(i)[] |

@hbox(7.60416+2.43333)x433.62
.@glue(@leftskip) 115.6313
.@hbox(0.0+0.0)x0.0
.@penalty 10000
.@glue 5.74869
.@penalty 10000
.etc.

[184] [185] [186]
Overfull \hbox (15.4352pt too wide) in paragraph at lines 15434--15434
 []  @texttt abs (local error in x(i)) <= rtol * abs (y(i)) + atol(i)[] |

@hbox(7.60416+2.43333)x433.62
.@glue(@leftskip) 115.6313
.@hbox(0.0+0.0)x0.0
.@penalty 10000
.@glue 5.74869
.@penalty 10000
.etc.

[187] [188]
Overfull \hbox (32.68126pt too wide) in paragraph at lines 15610--15610
 []  @texttt abs (local error in x(i)) <= rtol(i) * abs (Y(i)) + atol(i)[] |

@hbox(7.60416+0.91246)x433.62
.@glue(@leftskip) 115.6313
.@hbox(0.0+0.0)x0.0
.@penalty 10000
.@glue 5.74869
.@penalty 10000
.etc.


Underfull \hbox (badness 3281) in paragraph at lines 15643--15647
 @texttt MXNH[]@textrm Maximum num-ber of val-ues of the ar-ti-fi-cial step-siz
e

@hbox(7.60416+2.12917)x433.62, glue set 3.20474
.@glue(@leftskip) 144.53996
.@penalty 10000
.@kern -57.81621
.@texttt M
.@texttt X
.etc.


Underfull \hbox (badness 4779) in paragraph at lines 15648--15652
 @textrm al-lowed in all is @texttt MXNIT*MXNJ*MXNH[] @textrm if the @texttt "c
ompute

@hbox(7.60416+2.43333)x433.62, glue set 3.63107
.@glue(@leftskip) 144.53996
.@textrm a
.@textrm l
.@discretionary
..@textrm -
.@textrm l
.etc.

[189] [190] [191] [192]
Overfull \hbox (32.68126pt too wide) in paragraph at lines 15885--15885
 []  @texttt abs (local error in x(i)) <= rtol(i) * abs (Y(i)) + atol(i)[] |

@hbox(7.60416+0.91246)x433.62
.@glue(@leftskip) 115.6313
.@hbox(0.0+0.0)x0.0
.@penalty 10000
.@glue 5.74869
.@penalty 10000
.etc.

Chapter 24 [193] [194] Chapter 25 [195] [196] [197] [198] [199] [200] [201]
[202] [203] [204] [205] [206] [207] [208] [209] [210] [211] [212] [213]
[214] [215] [216] [217] Chapter 26 [218] [219] Chapter 27 [220] Chapter 28
[221] [222] [223] [224] Chapter 29 [225] [226] [227] [228]
Overfull \hbox (26.60324pt too wide) in paragraph at lines 18743--18743
 []@texttt octave:1> sys = fir2sys([1 -1 2 4],0.342,"A/D input","filter output"
);[] |

@hbox(7.60416+2.43333)x433.62
.@glue(@leftskip) 57.8151
.@hbox(0.0+0.0)x0.0
.@texttt o
.@texttt c
.@texttt t
.etc.

[229] [230]
Underfull \hbox (badness 2376) in paragraph at lines 18887--18890
 []@textrm where $@texti cout$ @textrm is the list of in 1:@texttt rows[]@textr
m (@textsl p@textrm ) that are not con-tained in out-list.

@hbox(8.2125+2.73749)x433.62, glue set 2.87733
.@glue(@leftskip) 28.90755
.@hbox(0.0+0.0)x0.0
.@textrm w
.@textrm h
.@textrm e
.etc.

[231] [232] [233] [234] [235]
Overfull \hbox (43.8493pt too wide) in paragraph at lines 19256--19256
 []@texttt octave> [Ast,Ain,Aout,Ayd] = sysgetsignals(sys) i  # get all signal 
names[] |

@hbox(7.60416+2.43333)x433.62
.@glue(@leftskip) 57.8151
.@hbox(0.0+0.0)x0.0
.@texttt o
.@texttt c
.@texttt t
.etc.

[236]
Overfull \hbox (20.85455pt too wide) in paragraph at lines 19278--19278
 []@texttt octave> Ain = sysgetsignals(sys,"in")   # get only input signal name
s[] |

@hbox(7.60416+2.43333)x433.62
.@glue(@leftskip) 57.8151
.@hbox(0.0+0.0)x0.0
.@texttt o
.@texttt c
.@texttt t
.etc.


Overfull \hbox (95.5875pt too wide) in paragraph at lines 19284--19284
 []@texttt octave> Aout = sysgetsignals(sys,"out",2)   # get name of output 2 (
in cell array)[] |

@hbox(7.60416+2.43333)x433.62
.@glue(@leftskip) 57.8151
.@hbox(0.0+0.0)x0.0
.@texttt o
.@texttt c
.@texttt t
.etc.


Overfull \hbox (78.34143pt too wide) in paragraph at lines 19289--19289
 []@texttt octave> Aout = sysgetsignals(sys,"out",2,1)  # get name of output 2 
(as string)[] |

@hbox(7.60416+2.43333)x433.62
.@glue(@leftskip) 57.8151
.@hbox(0.0+0.0)x0.0
.@texttt o
.@texttt c
.@texttt t
.etc.

[237] [238] [239] [240] [241] [242] [243] [244] [245] [246] [247] [248]
[249] [250]
Underfull \hbox (badness 2495) in paragraph at lines 20542--20545
 []@textbf Note @texttt ctrb[] @textrm forms the con-trol-la-bil-ity ma-trix. T
he nu-mer-i-cal prop-er-ties of

@hbox(7.60416+2.12917)x433.62, glue set 2.9229
.@glue(@leftskip) 28.90755
.@hbox(0.0+0.0)x0.0
.@textbf N
.@textbf o
.@textbf t
.etc.

[251] [252] [253] [254] [255] [256]
Underfull \hbox (badness 10000) in paragraph at lines 20965--20969
 @texttt "bi"[]@textrm Conversion is per-formed via bi-lin-ear trans-form

@hbox(7.60416+2.12917)x433.62, glue set 7.13998
.@glue(@leftskip) 144.53996
.@penalty 10000
.@kern -57.81621
.@texttt "
.@texttt b
.etc.

[257] [258]
Underfull \hbox (badness 3375) in paragraph at lines 21182--21185
 @textsl phase@textrm the mag-ni-tude and phase of the fre-quency re-sponse $@t
exti G@textrm (@texti jw@textrm )$ or

@hbox(8.2125+2.73749)x433.62, glue set 3.23422
.@glue(@leftskip) 86.72375
.@penalty 10000
.@kern -57.81621
.@textsl p
.@textsl h
.etc.

[259] [260] [261] [262] [263] [264] [265] [266] [267] [268] [269] [270]
[271] [272] Chapter 30 [273] [274] [275] [276] [277] [278] [279] [280] [281]
Chapter 31 [282] [283] [284] Chapter 32 [285] [286] [287] Chapter 33 [288]
[289] Chapter 34 [290] [291] [292] [293] [294] [295] [296] [297] [298] [299]
[300] [301] [302] [303] [304] [305] [306] Appendix A [307] [308] [309] [310]
[311] [312] Appendix B [313] [314] [315] [316] [317] [318] Appendix C [319]
[320] [321] [322] [323] [324] [325] Appendix D [326] [327] [328] [329] [330]
[331]
Underfull \hbox (badness 3019) in paragraph at lines 26829--26838
@textrm from any GNU Emacs Lisp Code Di-rec-tory archive, e.g. @texttt ftp://ft
p.cis.ohio-

@hbox(7.60416+2.43333)x433.62, glue set 3.11662
.@textrm f
.@textrm r
.@textrm o
.@textrm m
.@glue 3.65 plus 1.825 minus 1.21666
.etc.

[332]
Underfull \hbox (badness 2334) in paragraph at lines 26856--26859
[]@textrm If you use Oc-tave from within Emacs, these set-tings are best done i
n the

@hbox(7.60416+2.12917)x433.62, glue set 2.86018
.@hbox(0.0+0.0)x15.0
.@textrm I
.@textrm f
.@glue 3.65 plus 1.825 minus 1.21666
.@textrm y
.etc.


Underfull \hbox (badness 3895) in paragraph at lines 26856--26859
@textrm `@texttt ~/.emacs-octave[]@textrm '[] startup file (or the file pointed
 to by the Emacs vari-able

@hbox(8.2125+2.73749)x433.62, glue set 3.39246
.@textrm `
.@texttt ~
.@texttt /
.@texttt .
.@texttt e
.etc.

Appendix E [333] [334] Appendix F [335] [336] [337] [338] [339] [340] [341]
(Concept Index) [342] [343] [344] (./octave.cps [345] [346] [347])
(Variable Index) [348] (./octave.vrs [349]) (Function Index) [350]
(./octave.fns [351] [352] [353] [354] [355] [356] [357] [358])
(Operator Index) [359] [360] (./octave.ops [361]) [362] ) 
Here is how much of TeX's memory you used:
 4498 strings out of 98002
 73564 string characters out of 1221789
 82155 words of memory out of 1000001
 5366 multiletter control sequences out of 10000+50000
 30704 words of font info for 106 fonts, out of 500000 for 1000
 19 hyphenation exceptions out of 1000
 15i,16n,20p,227b,350s stack positions out of 1500i,500n,5000p,200000b,5000s

Output written on octave.dvi (372 pages, 1334328 bytes).
