This file contains any messages produced by compilers while
running configure, to aid debugging if configure makes a mistake.

It was created by configure, which was
generated by GNU Autoconf 2.57.  Invocation command line was

  $ ./configure --prefix=/usr/local --cache-file=/dev/null --srcdir=.

## --------- ##
## Platform. ##
## --------- ##

hostname = sodalord.mit.edu
uname -m = i686
uname -r = 2.4.20-28.9
uname -s = Linux
uname -v = #1 Thu Dec 18 13:45:22 EST 2003

/usr/bin/uname -p = unknown
/bin/uname -X     = unknown

/bin/arch              = i686
/usr/bin/arch -k       = unknown
/usr/convex/getsysinfo = unknown
hostinfo               = unknown
/bin/machine           = unknown
/usr/bin/oslevel       = unknown
/bin/universe          = unknown

PATH: /usr/athena/bin
PATH: /etc/athena
PATH: /usr/sbin
PATH: /sbin
PATH: /bin/athena
PATH: /usr/bin
PATH: /bin
PATH: /usr/athena/etc
PATH: /etc
PATH: /usr/X11R6/bin
PATH: /usr/local/bin/


## ----------- ##
## Core tests. ##
## ----------- ##

configure:1227: checking for a BSD-compatible install
configure:1281: result: /usr/bin/install -c
configure:1421: creating ./config.status

## ---------------------- ##
## Running config.status. ##
## ---------------------- ##

This file was extended by config.status, which was
generated by GNU Autoconf 2.57.  Invocation command line was

  CONFIG_FILES    = 
  CONFIG_HEADERS  = 
  CONFIG_LINKS    = 
  CONFIG_COMMANDS = 
  $ ./config.status 

on sodalord.mit.edu

config.status:628: creating Makefile
config.status:628: creating audio/Makefile
config.status:628: creating control/Makefile
config.status:628: creating control/base/Makefile
config.status:628: creating control/hinf/Makefile
config.status:628: creating control/obsolete/Makefile
config.status:628: creating control/system/Makefile
config.status:628: creating control/util/Makefile
config.status:628: creating deprecated/Makefile
config.status:628: creating elfun/Makefile
config.status:628: creating finance/Makefile
config.status:628: creating general/Makefile
config.status:628: creating image/Makefile
config.status:628: creating io/Makefile
config.status:628: creating linear-algebra/Makefile
config.status:628: creating miscellaneous/Makefile
config.status:628: creating plot/Makefile
config.status:628: creating polynomial/Makefile
config.status:628: creating quaternion/Makefile
config.status:628: creating set/Makefile
config.status:628: creating signal/Makefile
config.status:628: creating specfun/Makefile
config.status:628: creating special-matrix/Makefile
config.status:628: creating startup/Makefile
config.status:628: creating statistics/Makefile
config.status:628: creating statistics/base/Makefile
config.status:628: creating statistics/distributions/Makefile
config.status:628: creating statistics/models/Makefile
config.status:628: creating statistics/tests/Makefile
config.status:628: creating strings/Makefile
config.status:628: creating time/Makefile

## ---------------- ##
## Cache variables. ##
## ---------------- ##

ac_cv_env_build_alias_set=
ac_cv_env_build_alias_value=
ac_cv_env_host_alias_set=
ac_cv_env_host_alias_value=
ac_cv_env_target_alias_set=
ac_cv_env_target_alias_value=
ac_cv_path_install='/usr/bin/install -c'

## ----------------- ##
## Output variables. ##
## ----------------- ##

DEFS='-DPACKAGE_NAME=\"\" -DPACKAGE_TARNAME=\"\" -DPACKAGE_VERSION=\"\" -DPACKAGE_STRING=\"\" -DPACKAGE_BUGREPORT=\"\" '
ECHO_C=''
ECHO_N='-n'
ECHO_T=''
INSTALL_DATA='${INSTALL} -m 644'
INSTALL_PROGRAM='${INSTALL}'
INSTALL_SCRIPT='${INSTALL}'
LIBOBJS=''
LIBS=''
LTLIBOBJS=''
PACKAGE_BUGREPORT=''
PACKAGE_NAME=''
PACKAGE_STRING=''
PACKAGE_TARNAME=''
PACKAGE_VERSION=''
PATH_SEPARATOR=':'
SHELL='/bin/sh'
bindir='${exec_prefix}/bin'
build_alias=''
datadir='${prefix}/share'
exec_prefix='${prefix}'
host_alias=''
includedir='${prefix}/include'
infodir='${prefix}/info'
libdir='${exec_prefix}/lib'
libexecdir='${exec_prefix}/libexec'
localstatedir='${prefix}/var'
mandir='${prefix}/man'
oldincludedir='/usr/include'
prefix='/usr/local'
program_transform_name='s,x,x,'
sbindir='${exec_prefix}/sbin'
sharedstatedir='${prefix}/com'
sysconfdir='${prefix}/etc'
target_alias=''

## ----------- ##
## confdefs.h. ##
## ----------- ##

#define PACKAGE_BUGREPORT ""
#define PACKAGE_NAME ""
#define PACKAGE_STRING ""
#define PACKAGE_TARNAME ""
#define PACKAGE_VERSION ""

configure: exit 0
